[ 2022-04-22T00:40:13+08:00 ] 147.78.47.247 /
INFO: [ app_begin ] --START--
INFO: Run Behavior\ReadHtmlCache [ RunTime:0.000594s ]
INFO: Run Behavior\CheckLang [ RunTime:0.000955s ]
INFO: [ app_begin ] --END-- [ RunTime:0.001659s ]
NOTIC: [8] Trying to access array offset on value of type int /www/wwwroot/card.raycloud.icu/Application/Home/Controller/HomeCommonController.class.php 第 20 行.
SQL: SHOW COLUMNS FROM `ln_config` [ RunTime:0.000750s ]
SQL: SELECT `type`,`name`,`value` FROM `ln_config` WHERE ( `status` = 0 )  [ RunTime:0.000434s ]
NOTIC: [2] file_get_contents(): php_network_getaddresses: getaddrinfo failed: Name or service not known /www/wwwroot/card.raycloud.icu/ThinkPHP/Library/Think/Controller.class.php 第 44 行.
NOTIC: [2] file_get_contents(http://www.adminx.site/index.php/user/api/index?name=shouorka&amp;domain=134.195.91.2): failed to open stream: php_network_getaddresses: getaddrinfo failed: Name or service not known /www/wwwroot/card.raycloud.icu/ThinkPHP/Library/Think/Controller.class.php 第 44 行.
SQL: SHOW COLUMNS FROM `ln_card_type` [ RunTime:0.001029s ]
SQL: SELECT * FROM `ln_card_type`  [ RunTime:0.000396s ]
SQL: SHOW COLUMNS FROM `ln_announcement` [ RunTime:0.000576s ]
SQL: SELECT * FROM `ln_announcement` ORDER BY id desc LIMIT 1   [ RunTime:0.000357s ]
SQL: SHOW COLUMNS FROM `ln_can_do` [ RunTime:0.000451s ]
SQL: SELECT * FROM `ln_can_do` ORDER BY id asc  [ RunTime:0.000310s ]
INFO: [ view_parse ] --START--
INFO: [ template_filter ] --START--
INFO: Run Behavior\ContentReplace [ RunTime:0.000171s ]
INFO: [ template_filter ] --END-- [ RunTime:0.000248s ]
INFO: Run Behavior\ParseTemplate [ RunTime:0.012499s ]
INFO: [ view_parse ] --END-- [ RunTime:0.012567s ]
INFO: [ view_filter ] --START--
INFO: Run Behavior\WriteHtmlCache [ RunTime:0.000321s ]
INFO: [ view_filter ] --END-- [ RunTime:0.000366s ]
INFO: [ app_end ] --START--
INFO: Run Behavior\ShowPageTrace [ RunTime:0.000798s ]
INFO: [ app_end ] --END-- [ RunTime:0.000875s ]

[ 2022-04-22T01:58:23+08:00 ] 18.204.233.163 /
INFO: [ app_begin ] --START--
INFO: Run Behavior\ReadHtmlCache [ RunTime:0.000666s ]
INFO: Run Behavior\CheckLang [ RunTime:0.001152s ]
INFO: [ app_begin ] --END-- [ RunTime:0.002027s ]
NOTIC: [8] Trying to access array offset on value of type int /www/wwwroot/card.raycloud.icu/Application/Home/Controller/HomeCommonController.class.php 第 20 行.
SQL: SHOW COLUMNS FROM `ln_config` [ RunTime:0.001798s ]
SQL: SELECT `type`,`name`,`value` FROM `ln_config` WHERE ( `status` = 0 )  [ RunTime:0.000551s ]
NOTIC: [2] file_get_contents(): php_network_getaddresses: getaddrinfo failed: Name or service not known /www/wwwroot/card.raycloud.icu/ThinkPHP/Library/Think/Controller.class.php 第 44 行.
NOTIC: [2] file_get_contents(http://www.adminx.site/index.php/user/api/index?name=shouorka&amp;domain=card.raycloud.icu): failed to open stream: php_network_getaddresses: getaddrinfo failed: Name or service not known /www/wwwroot/card.raycloud.icu/ThinkPHP/Library/Think/Controller.class.php 第 44 行.
SQL: SHOW COLUMNS FROM `ln_card_type` [ RunTime:0.001089s ]
SQL: SELECT * FROM `ln_card_type`  [ RunTime:0.000350s ]
SQL: SHOW COLUMNS FROM `ln_announcement` [ RunTime:0.000431s ]
SQL: SELECT * FROM `ln_announcement` ORDER BY id desc LIMIT 1   [ RunTime:0.000289s ]
SQL: SHOW COLUMNS FROM `ln_can_do` [ RunTime:0.000391s ]
SQL: SELECT * FROM `ln_can_do` ORDER BY id asc  [ RunTime:0.000224s ]
INFO: [ view_parse ] --START--
INFO: [ template_filter ] --START--
INFO: Run Behavior\ContentReplace [ RunTime:0.000129s ]
INFO: [ template_filter ] --END-- [ RunTime:0.000204s ]
INFO: Run Behavior\ParseTemplate [ RunTime:0.013267s ]
INFO: [ view_parse ] --END-- [ RunTime:0.013313s ]
INFO: [ view_filter ] --START--
INFO: Run Behavior\WriteHtmlCache [ RunTime:0.000263s ]
INFO: [ view_filter ] --END-- [ RunTime:0.000296s ]
INFO: [ app_end ] --START--
INFO: Run Behavior\ShowPageTrace [ RunTime:0.000786s ]
INFO: [ app_end ] --END-- [ RunTime:0.000841s ]

[ 2022-04-22T02:18:52+08:00 ] 111.7.96.151 /
INFO: [ app_begin ] --START--
INFO: Run Behavior\ReadHtmlCache [ RunTime:0.000598s ]
INFO: Run Behavior\CheckLang [ RunTime:0.000968s ]
INFO: [ app_begin ] --END-- [ RunTime:0.001732s ]
NOTIC: [8] Trying to access array offset on value of type int /www/wwwroot/card.raycloud.icu/Application/Home/Controller/HomeCommonController.class.php 第 20 行.
SQL: SHOW COLUMNS FROM `ln_config` [ RunTime:0.001952s ]
SQL: SELECT `type`,`name`,`value` FROM `ln_config` WHERE ( `status` = 0 )  [ RunTime:0.000639s ]
NOTIC: [2] file_get_contents(): php_network_getaddresses: getaddrinfo failed: Name or service not known /www/wwwroot/card.raycloud.icu/ThinkPHP/Library/Think/Controller.class.php 第 44 行.
NOTIC: [2] file_get_contents(http://www.adminx.site/index.php/user/api/index?name=shouorka&amp;domain=${ip}:${port}): failed to open stream: php_network_getaddresses: getaddrinfo failed: Name or service not known /www/wwwroot/card.raycloud.icu/ThinkPHP/Library/Think/Controller.class.php 第 44 行.
SQL: SHOW COLUMNS FROM `ln_card_type` [ RunTime:0.001020s ]
SQL: SELECT * FROM `ln_card_type`  [ RunTime:0.000557s ]
SQL: SHOW COLUMNS FROM `ln_announcement` [ RunTime:0.000347s ]
SQL: SELECT * FROM `ln_announcement` ORDER BY id desc LIMIT 1   [ RunTime:0.000360s ]
SQL: SHOW COLUMNS FROM `ln_can_do` [ RunTime:0.000342s ]
SQL: SELECT * FROM `ln_can_do` ORDER BY id asc  [ RunTime:0.000236s ]
INFO: [ view_parse ] --START--
INFO: [ template_filter ] --START--
INFO: Run Behavior\ContentReplace [ RunTime:0.000134s ]
INFO: [ template_filter ] --END-- [ RunTime:0.000211s ]
INFO: Run Behavior\ParseTemplate [ RunTime:0.011689s ]
INFO: [ view_parse ] --END-- [ RunTime:0.011744s ]
INFO: [ view_filter ] --START--
INFO: Run Behavior\WriteHtmlCache [ RunTime:0.000264s ]
INFO: [ view_filter ] --END-- [ RunTime:0.000301s ]
INFO: [ app_end ] --START--
INFO: Run Behavior\ShowPageTrace [ RunTime:0.000697s ]
INFO: [ app_end ] --END-- [ RunTime:0.000740s ]

[ 2022-04-22T02:19:04+08:00 ] 123.160.221.21 /
INFO: [ app_begin ] --START--
INFO: Run Behavior\ReadHtmlCache [ RunTime:0.000900s ]
INFO: Run Behavior\CheckLang [ RunTime:0.001073s ]
INFO: [ app_begin ] --END-- [ RunTime:0.002182s ]
NOTIC: [8] Trying to access array offset on value of type int /www/wwwroot/card.raycloud.icu/Application/Home/Controller/HomeCommonController.class.php 第 20 行.
SQL: SHOW COLUMNS FROM `ln_config` [ RunTime:0.002422s ]
SQL: SELECT `type`,`name`,`value` FROM `ln_config` WHERE ( `status` = 0 )  [ RunTime:0.000774s ]
NOTIC: [2] file_get_contents(): php_network_getaddresses: getaddrinfo failed: Name or service not known /www/wwwroot/card.raycloud.icu/ThinkPHP/Library/Think/Controller.class.php 第 44 行.
NOTIC: [2] file_get_contents(http://www.adminx.site/index.php/user/api/index?name=shouorka&amp;domain=${ip}:${port}): failed to open stream: php_network_getaddresses: getaddrinfo failed: Name or service not known /www/wwwroot/card.raycloud.icu/ThinkPHP/Library/Think/Controller.class.php 第 44 行.
SQL: SHOW COLUMNS FROM `ln_card_type` [ RunTime:0.000578s ]
SQL: SELECT * FROM `ln_card_type`  [ RunTime:0.000260s ]
SQL: SHOW COLUMNS FROM `ln_announcement` [ RunTime:0.000402s ]
SQL: SELECT * FROM `ln_announcement` ORDER BY id desc LIMIT 1   [ RunTime:0.000322s ]
SQL: SHOW COLUMNS FROM `ln_can_do` [ RunTime:0.000546s ]
SQL: SELECT * FROM `ln_can_do` ORDER BY id asc  [ RunTime:0.000281s ]
INFO: [ view_parse ] --START--
INFO: [ template_filter ] --START--
INFO: Run Behavior\ContentReplace [ RunTime:0.000172s ]
INFO: [ template_filter ] --END-- [ RunTime:0.000282s ]
INFO: Run Behavior\ParseTemplate [ RunTime:0.016509s ]
INFO: [ view_parse ] --END-- [ RunTime:0.016580s ]
INFO: [ view_filter ] --START--
INFO: Run Behavior\WriteHtmlCache [ RunTime:0.000448s ]
INFO: [ view_filter ] --END-- [ RunTime:0.000504s ]
INFO: [ app_end ] --START--
INFO: Run Behavior\ShowPageTrace [ RunTime:0.001077s ]
INFO: [ app_end ] --END-- [ RunTime:0.001147s ]

[ 2022-04-22T02:38:50+08:00 ] 209.141.36.231 /
INFO: [ app_begin ] --START--
INFO: Run Behavior\ReadHtmlCache [ RunTime:0.000617s ]
INFO: Run Behavior\CheckLang [ RunTime:0.002111s ]
INFO: [ app_begin ] --END-- [ RunTime:0.002931s ]
NOTIC: [8] Trying to access array offset on value of type int /www/wwwroot/card.raycloud.icu/Application/Home/Controller/HomeCommonController.class.php 第 20 行.
SQL: SHOW COLUMNS FROM `ln_config` [ RunTime:0.001959s ]
SQL: SELECT `type`,`name`,`value` FROM `ln_config` WHERE ( `status` = 0 )  [ RunTime:0.000564s ]
NOTIC: [2] file_get_contents(): php_network_getaddresses: getaddrinfo failed: Name or service not known /www/wwwroot/card.raycloud.icu/ThinkPHP/Library/Think/Controller.class.php 第 44 行.
NOTIC: [2] file_get_contents(http://www.adminx.site/index.php/user/api/index?name=shouorka&amp;domain=134.195.91.2): failed to open stream: php_network_getaddresses: getaddrinfo failed: Name or service not known /www/wwwroot/card.raycloud.icu/ThinkPHP/Library/Think/Controller.class.php 第 44 行.
SQL: SHOW COLUMNS FROM `ln_card_type` [ RunTime:0.000781s ]
SQL: SELECT * FROM `ln_card_type`  [ RunTime:0.000316s ]
SQL: SHOW COLUMNS FROM `ln_announcement` [ RunTime:0.000507s ]
SQL: SELECT * FROM `ln_announcement` ORDER BY id desc LIMIT 1   [ RunTime:0.000431s ]
SQL: SHOW COLUMNS FROM `ln_can_do` [ RunTime:0.000484s ]
SQL: SELECT * FROM `ln_can_do` ORDER BY id asc  [ RunTime:0.000268s ]
INFO: [ view_parse ] --START--
INFO: [ template_filter ] --START--
INFO: Run Behavior\ContentReplace [ RunTime:0.000141s ]
INFO: [ template_filter ] --END-- [ RunTime:0.000280s ]
INFO: Run Behavior\ParseTemplate [ RunTime:0.013071s ]
INFO: [ view_parse ] --END-- [ RunTime:0.013121s ]
INFO: [ view_filter ] --START--
INFO: Run Behavior\WriteHtmlCache [ RunTime:0.000265s ]
INFO: [ view_filter ] --END-- [ RunTime:0.000299s ]
INFO: [ app_end ] --START--
INFO: Run Behavior\ShowPageTrace [ RunTime:0.001050s ]
INFO: [ app_end ] --END-- [ RunTime:0.001133s ]

[ 2022-04-22T02:38:52+08:00 ] 209.141.51.49 /
INFO: [ app_begin ] --START--
INFO: Run Behavior\ReadHtmlCache [ RunTime:0.000555s ]
INFO: Run Behavior\CheckLang [ RunTime:0.000909s ]
INFO: [ app_begin ] --END-- [ RunTime:0.001578s ]
NOTIC: [8] Trying to access array offset on value of type int /www/wwwroot/card.raycloud.icu/Application/Home/Controller/HomeCommonController.class.php 第 20 行.
SQL: SHOW COLUMNS FROM `ln_config` [ RunTime:0.000670s ]
SQL: SELECT `type`,`name`,`value` FROM `ln_config` WHERE ( `status` = 0 )  [ RunTime:0.000298s ]
NOTIC: [2] file_get_contents(): php_network_getaddresses: getaddrinfo failed: Name or service not known /www/wwwroot/card.raycloud.icu/ThinkPHP/Library/Think/Controller.class.php 第 44 行.
NOTIC: [2] file_get_contents(http://www.adminx.site/index.php/user/api/index?name=shouorka&amp;domain=bookforhim.com): failed to open stream: php_network_getaddresses: getaddrinfo failed: Name or service not known /www/wwwroot/card.raycloud.icu/ThinkPHP/Library/Think/Controller.class.php 第 44 行.
SQL: SHOW COLUMNS FROM `ln_card_type` [ RunTime:0.000995s ]
SQL: SELECT * FROM `ln_card_type`  [ RunTime:0.000300s ]
SQL: SHOW COLUMNS FROM `ln_announcement` [ RunTime:0.000413s ]
SQL: SELECT * FROM `ln_announcement` ORDER BY id desc LIMIT 1   [ RunTime:0.000328s ]
SQL: SHOW COLUMNS FROM `ln_can_do` [ RunTime:0.000435s ]
SQL: SELECT * FROM `ln_can_do` ORDER BY id asc  [ RunTime:0.000239s ]
INFO: [ view_parse ] --START--
INFO: [ template_filter ] --START--
INFO: Run Behavior\ContentReplace [ RunTime:0.000134s ]
INFO: [ template_filter ] --END-- [ RunTime:0.000229s ]
INFO: Run Behavior\ParseTemplate [ RunTime:0.012044s ]
INFO: [ view_parse ] --END-- [ RunTime:0.012097s ]
INFO: [ view_filter ] --START--
INFO: Run Behavior\WriteHtmlCache [ RunTime:0.000322s ]
INFO: [ view_filter ] --END-- [ RunTime:0.000356s ]
INFO: [ app_end ] --START--
INFO: Run Behavior\ShowPageTrace [ RunTime:0.000753s ]
INFO: [ app_end ] --END-- [ RunTime:0.000798s ]

[ 2022-04-22T02:38:53+08:00 ] 111.7.100.17 /
INFO: [ app_begin ] --START--
INFO: Run Behavior\ReadHtmlCache [ RunTime:0.000868s ]
INFO: Run Behavior\CheckLang [ RunTime:0.001228s ]
INFO: [ app_begin ] --END-- [ RunTime:0.002229s ]
NOTIC: [8] Trying to access array offset on value of type int /www/wwwroot/card.raycloud.icu/Application/Home/Controller/HomeCommonController.class.php 第 20 行.
SQL: SHOW COLUMNS FROM `ln_config` [ RunTime:0.000798s ]
SQL: SELECT `type`,`name`,`value` FROM `ln_config` WHERE ( `status` = 0 )  [ RunTime:0.000357s ]
NOTIC: [2] file_get_contents(): php_network_getaddresses: getaddrinfo failed: Name or service not known /www/wwwroot/card.raycloud.icu/ThinkPHP/Library/Think/Controller.class.php 第 44 行.
NOTIC: [2] file_get_contents(http://www.adminx.site/index.php/user/api/index?name=shouorka&amp;domain=134.195.91.2): failed to open stream: php_network_getaddresses: getaddrinfo failed: Name or service not known /www/wwwroot/card.raycloud.icu/ThinkPHP/Library/Think/Controller.class.php 第 44 行.
SQL: SHOW COLUMNS FROM `ln_card_type` [ RunTime:0.001192s ]
SQL: SELECT * FROM `ln_card_type`  [ RunTime:0.000350s ]
SQL: SHOW COLUMNS FROM `ln_announcement` [ RunTime:0.000429s ]
SQL: SELECT * FROM `ln_announcement` ORDER BY id desc LIMIT 1   [ RunTime:0.000323s ]
SQL: SHOW COLUMNS FROM `ln_can_do` [ RunTime:0.000428s ]
SQL: SELECT * FROM `ln_can_do` ORDER BY id asc  [ RunTime:0.000303s ]
INFO: [ view_parse ] --START--
INFO: [ template_filter ] --START--
INFO: Run Behavior\ContentReplace [ RunTime:0.000167s ]
INFO: [ template_filter ] --END-- [ RunTime:0.000262s ]
INFO: Run Behavior\ParseTemplate [ RunTime:0.014609s ]
INFO: [ view_parse ] --END-- [ RunTime:0.014676s ]
INFO: [ view_filter ] --START--
INFO: Run Behavior\WriteHtmlCache [ RunTime:0.000424s ]
INFO: [ view_filter ] --END-- [ RunTime:0.000476s ]
INFO: [ app_end ] --START--
INFO: Run Behavior\ShowPageTrace [ RunTime:0.001141s ]
INFO: [ app_end ] --END-- [ RunTime:0.001199s ]

[ 2022-04-22T02:38:57+08:00 ] 211.95.50.5 /
INFO: [ app_begin ] --START--
INFO: Run Behavior\ReadHtmlCache [ RunTime:0.000675s ]
INFO: Run Behavior\CheckLang [ RunTime:0.001758s ]
INFO: [ app_begin ] --END-- [ RunTime:0.002606s ]
NOTIC: [8] Trying to access array offset on value of type int /www/wwwroot/card.raycloud.icu/Application/Home/Controller/HomeCommonController.class.php 第 20 行.
SQL: SHOW COLUMNS FROM `ln_config` [ RunTime:0.000752s ]
SQL: SELECT `type`,`name`,`value` FROM `ln_config` WHERE ( `status` = 0 )  [ RunTime:0.000405s ]
NOTIC: [2] file_get_contents(): php_network_getaddresses: getaddrinfo failed: Name or service not known /www/wwwroot/card.raycloud.icu/ThinkPHP/Library/Think/Controller.class.php 第 44 行.
NOTIC: [2] file_get_contents(http://www.adminx.site/index.php/user/api/index?name=shouorka&amp;domain=bookforhim.com): failed to open stream: php_network_getaddresses: getaddrinfo failed: Name or service not known /www/wwwroot/card.raycloud.icu/ThinkPHP/Library/Think/Controller.class.php 第 44 行.
SQL: SHOW COLUMNS FROM `ln_card_type` [ RunTime:0.001062s ]
SQL: SELECT * FROM `ln_card_type`  [ RunTime:0.000283s ]
SQL: SHOW COLUMNS FROM `ln_announcement` [ RunTime:0.000650s ]
SQL: SELECT * FROM `ln_announcement` ORDER BY id desc LIMIT 1   [ RunTime:0.000287s ]
SQL: SHOW COLUMNS FROM `ln_can_do` [ RunTime:0.000440s ]
SQL: SELECT * FROM `ln_can_do` ORDER BY id asc  [ RunTime:0.000222s ]
INFO: [ view_parse ] --START--
INFO: [ template_filter ] --START--
INFO: Run Behavior\ContentReplace [ RunTime:0.000169s ]
INFO: [ template_filter ] --END-- [ RunTime:0.000284s ]
INFO: Run Behavior\ParseTemplate [ RunTime:0.013335s ]
INFO: [ view_parse ] --END-- [ RunTime:0.013387s ]
INFO: [ view_filter ] --START--
INFO: Run Behavior\WriteHtmlCache [ RunTime:0.000353s ]
INFO: [ view_filter ] --END-- [ RunTime:0.000387s ]
INFO: [ app_end ] --START--
INFO: Run Behavior\ShowPageTrace [ RunTime:0.000733s ]
INFO: [ app_end ] --END-- [ RunTime:0.000786s ]

[ 2022-04-22T03:09:22+08:00 ] 109.237.103.38 /.env
INFO: [ app_begin ] --START--
INFO: Run Behavior\ReadHtmlCache [ RunTime:0.000600s ]
INFO: Run Behavior\CheckLang [ RunTime:0.000932s ]
INFO: [ app_begin ] --END-- [ RunTime:0.001708s ]
NOTIC: [8] Trying to access array offset on value of type int /www/wwwroot/card.raycloud.icu/Application/Home/Controller/HomeCommonController.class.php 第 20 行.
SQL: SHOW COLUMNS FROM `ln_config` [ RunTime:0.002400s ]
SQL: SELECT `type`,`name`,`value` FROM `ln_config` WHERE ( `status` = 0 )  [ RunTime:0.000618s ]
NOTIC: [2] file_get_contents(): php_network_getaddresses: getaddrinfo failed: Name or service not known /www/wwwroot/card.raycloud.icu/ThinkPHP/Library/Think/Controller.class.php 第 44 行.
NOTIC: [2] file_get_contents(http://www.adminx.site/index.php/user/api/index?name=shouorka&amp;domain=134.195.91.2): failed to open stream: php_network_getaddresses: getaddrinfo failed: Name or service not known /www/wwwroot/card.raycloud.icu/ThinkPHP/Library/Think/Controller.class.php 第 44 行.
SQL: SHOW COLUMNS FROM `ln_card_type` [ RunTime:0.000539s ]
SQL: SELECT * FROM `ln_card_type`  [ RunTime:0.000282s ]
SQL: SHOW COLUMNS FROM `ln_announcement` [ RunTime:0.000366s ]
SQL: SELECT * FROM `ln_announcement` ORDER BY id desc LIMIT 1   [ RunTime:0.000331s ]
SQL: SHOW COLUMNS FROM `ln_can_do` [ RunTime:0.000415s ]
SQL: SELECT * FROM `ln_can_do` ORDER BY id asc  [ RunTime:0.000276s ]
INFO: [ view_parse ] --START--
INFO: [ template_filter ] --START--
INFO: Run Behavior\ContentReplace [ RunTime:0.000170s ]
INFO: [ template_filter ] --END-- [ RunTime:0.000269s ]
INFO: Run Behavior\ParseTemplate [ RunTime:0.018742s ]
INFO: [ view_parse ] --END-- [ RunTime:0.018813s ]
INFO: [ view_filter ] --START--
INFO: Run Behavior\WriteHtmlCache [ RunTime:0.000433s ]
INFO: [ view_filter ] --END-- [ RunTime:0.000492s ]
INFO: [ app_end ] --START--
INFO: Run Behavior\ShowPageTrace [ RunTime:0.000956s ]
INFO: [ app_end ] --END-- [ RunTime:0.001022s ]

[ 2022-04-22T05:22:07+08:00 ] 167.94.138.119 /
INFO: [ app_begin ] --START--
INFO: Run Behavior\ReadHtmlCache [ RunTime:0.000626s ]
INFO: Run Behavior\CheckLang [ RunTime:0.000998s ]
INFO: [ app_begin ] --END-- [ RunTime:0.001816s ]
NOTIC: [8] Trying to access array offset on value of type int /www/wwwroot/card.raycloud.icu/Application/Home/Controller/HomeCommonController.class.php 第 20 行.
NOTIC: [8] Undefined index: HTTP_USER_AGENT /www/wwwroot/card.raycloud.icu/Application/Home/Controller/HomeCommonController.class.php 第 27 行.
NOTIC: [8] Undefined index: HTTP_USER_AGENT /www/wwwroot/card.raycloud.icu/Application/Home/Common/function.php 第 150 行.
SQL: SHOW COLUMNS FROM `ln_config` [ RunTime:0.003103s ]
SQL: SELECT `type`,`name`,`value` FROM `ln_config` WHERE ( `status` = 0 )  [ RunTime:0.000643s ]
NOTIC: [2] file_get_contents(): php_network_getaddresses: getaddrinfo failed: Name or service not known /www/wwwroot/card.raycloud.icu/ThinkPHP/Library/Think/Controller.class.php 第 44 行.
NOTIC: [2] file_get_contents(http://www.adminx.site/index.php/user/api/index?name=shouorka&amp;domain=134.195.91.2:443): failed to open stream: php_network_getaddresses: getaddrinfo failed: Name or service not known /www/wwwroot/card.raycloud.icu/ThinkPHP/Library/Think/Controller.class.php 第 44 行.
SQL: SHOW COLUMNS FROM `ln_card_type` [ RunTime:0.001543s ]
SQL: SELECT * FROM `ln_card_type`  [ RunTime:0.000310s ]
SQL: SHOW COLUMNS FROM `ln_announcement` [ RunTime:0.000355s ]
SQL: SELECT * FROM `ln_announcement` ORDER BY id desc LIMIT 1   [ RunTime:0.000888s ]
SQL: SHOW COLUMNS FROM `ln_can_do` [ RunTime:0.000334s ]
SQL: SELECT * FROM `ln_can_do` ORDER BY id asc  [ RunTime:0.000227s ]
INFO: [ view_parse ] --START--
INFO: [ template_filter ] --START--
INFO: Run Behavior\ContentReplace [ RunTime:0.000139s ]
INFO: [ template_filter ] --END-- [ RunTime:0.000208s ]
INFO: Run Behavior\ParseTemplate [ RunTime:0.011303s ]
INFO: [ view_parse ] --END-- [ RunTime:0.011349s ]
INFO: [ view_filter ] --START--
INFO: Run Behavior\WriteHtmlCache [ RunTime:0.000266s ]
INFO: [ view_filter ] --END-- [ RunTime:0.000299s ]
INFO: [ app_end ] --START--
INFO: Run Behavior\ShowPageTrace [ RunTime:0.000836s ]
INFO: [ app_end ] --END-- [ RunTime:0.000880s ]

[ 2022-04-22T05:22:07+08:00 ] 167.94.138.119 /
INFO: [ app_begin ] --START--
INFO: Run Behavior\ReadHtmlCache [ RunTime:0.000821s ]
INFO: Run Behavior\CheckLang [ RunTime:0.001174s ]
INFO: [ app_begin ] --END-- [ RunTime:0.002114s ]
NOTIC: [8] Trying to access array offset on value of type int /www/wwwroot/card.raycloud.icu/Application/Home/Controller/HomeCommonController.class.php 第 20 行.
SQL: SHOW COLUMNS FROM `ln_config` [ RunTime:0.000709s ]
SQL: SELECT `type`,`name`,`value` FROM `ln_config` WHERE ( `status` = 0 )  [ RunTime:0.000365s ]
NOTIC: [2] file_get_contents(): php_network_getaddresses: getaddrinfo failed: Name or service not known /www/wwwroot/card.raycloud.icu/ThinkPHP/Library/Think/Controller.class.php 第 44 行.
NOTIC: [2] file_get_contents(http://www.adminx.site/index.php/user/api/index?name=shouorka&amp;domain=134.195.91.2): failed to open stream: php_network_getaddresses: getaddrinfo failed: Name or service not known /www/wwwroot/card.raycloud.icu/ThinkPHP/Library/Think/Controller.class.php 第 44 行.
SQL: SHOW COLUMNS FROM `ln_card_type` [ RunTime:0.000551s ]
SQL: SELECT * FROM `ln_card_type`  [ RunTime:0.000333s ]
SQL: SHOW COLUMNS FROM `ln_announcement` [ RunTime:0.000530s ]
SQL: SELECT * FROM `ln_announcement` ORDER BY id desc LIMIT 1   [ RunTime:0.000302s ]
SQL: SHOW COLUMNS FROM `ln_can_do` [ RunTime:0.000443s ]
SQL: SELECT * FROM `ln_can_do` ORDER BY id asc  [ RunTime:0.000265s ]
INFO: [ view_parse ] --START--
INFO: [ template_filter ] --START--
INFO: Run Behavior\ContentReplace [ RunTime:0.000126s ]
INFO: [ template_filter ] --END-- [ RunTime:0.000174s ]
INFO: Run Behavior\ParseTemplate [ RunTime:0.010351s ]
INFO: [ view_parse ] --END-- [ RunTime:0.010427s ]
INFO: [ view_filter ] --START--
INFO: Run Behavior\WriteHtmlCache [ RunTime:0.000240s ]
INFO: [ view_filter ] --END-- [ RunTime:0.000272s ]
INFO: [ app_end ] --START--
INFO: Run Behavior\ShowPageTrace [ RunTime:0.000633s ]
INFO: [ app_end ] --END-- [ RunTime:0.000674s ]

[ 2022-04-22T07:57:23+08:00 ] 106.10.122.53 /.env
INFO: [ app_begin ] --START--
INFO: Run Behavior\ReadHtmlCache [ RunTime:0.000900s ]
INFO: Run Behavior\CheckLang [ RunTime:0.001416s ]
INFO: [ app_begin ] --END-- [ RunTime:0.002557s ]
NOTIC: [8] Trying to access array offset on value of type int /www/wwwroot/card.raycloud.icu/Application/Home/Controller/HomeCommonController.class.php 第 20 行.
SQL: SHOW COLUMNS FROM `ln_config` [ RunTime:0.001832s ]
SQL: SELECT `type`,`name`,`value` FROM `ln_config` WHERE ( `status` = 0 )  [ RunTime:0.000899s ]
NOTIC: [2] file_get_contents(): php_network_getaddresses: getaddrinfo failed: Name or service not known /www/wwwroot/card.raycloud.icu/ThinkPHP/Library/Think/Controller.class.php 第 44 行.
NOTIC: [2] file_get_contents(http://www.adminx.site/index.php/user/api/index?name=shouorka&amp;domain=134.195.91.2): failed to open stream: php_network_getaddresses: getaddrinfo failed: Name or service not known /www/wwwroot/card.raycloud.icu/ThinkPHP/Library/Think/Controller.class.php 第 44 行.
SQL: SHOW COLUMNS FROM `ln_card_type` [ RunTime:0.001098s ]
SQL: SELECT * FROM `ln_card_type`  [ RunTime:0.000341s ]
SQL: SHOW COLUMNS FROM `ln_announcement` [ RunTime:0.000463s ]
SQL: SELECT * FROM `ln_announcement` ORDER BY id desc LIMIT 1   [ RunTime:0.000565s ]
SQL: SHOW COLUMNS FROM `ln_can_do` [ RunTime:0.000508s ]
SQL: SELECT * FROM `ln_can_do` ORDER BY id asc  [ RunTime:0.000269s ]
INFO: [ view_parse ] --START--
INFO: [ template_filter ] --START--
INFO: Run Behavior\ContentReplace [ RunTime:0.000127s ]
INFO: [ template_filter ] --END-- [ RunTime:0.000181s ]
INFO: Run Behavior\ParseTemplate [ RunTime:0.011742s ]
INFO: [ view_parse ] --END-- [ RunTime:0.011791s ]
INFO: [ view_filter ] --START--
INFO: Run Behavior\WriteHtmlCache [ RunTime:0.000240s ]
INFO: [ view_filter ] --END-- [ RunTime:0.000458s ]
INFO: [ app_end ] --START--
INFO: Run Behavior\ShowPageTrace [ RunTime:0.000637s ]
INFO: [ app_end ] --END-- [ RunTime:0.000678s ]

[ 2022-04-22T07:57:24+08:00 ] 106.10.122.53 /
INFO: [ app_begin ] --START--
INFO: Run Behavior\ReadHtmlCache [ RunTime:0.000642s ]
INFO: Run Behavior\CheckLang [ RunTime:0.000923s ]
INFO: [ app_begin ] --END-- [ RunTime:0.001680s ]
NOTIC: [8] Trying to access array offset on value of type int /www/wwwroot/card.raycloud.icu/Application/Home/Controller/HomeCommonController.class.php 第 20 行.
SQL: SHOW COLUMNS FROM `ln_config` [ RunTime:0.000954s ]
SQL: SELECT `type`,`name`,`value` FROM `ln_config` WHERE ( `status` = 0 )  [ RunTime:0.000440s ]
NOTIC: [2] file_get_contents(): php_network_getaddresses: getaddrinfo failed: Name or service not known /www/wwwroot/card.raycloud.icu/ThinkPHP/Library/Think/Controller.class.php 第 44 行.
NOTIC: [2] file_get_contents(http://www.adminx.site/index.php/user/api/index?name=shouorka&amp;domain=134.195.91.2): failed to open stream: php_network_getaddresses: getaddrinfo failed: Name or service not known /www/wwwroot/card.raycloud.icu/ThinkPHP/Library/Think/Controller.class.php 第 44 行.
SQL: SHOW COLUMNS FROM `ln_card_type` [ RunTime:0.000499s ]
SQL: SELECT * FROM `ln_card_type`  [ RunTime:0.000248s ]
SQL: SHOW COLUMNS FROM `ln_announcement` [ RunTime:0.000409s ]
SQL: SELECT * FROM `ln_announcement` ORDER BY id desc LIMIT 1   [ RunTime:0.000279s ]
SQL: SHOW COLUMNS FROM `ln_can_do` [ RunTime:0.000390s ]
SQL: SELECT * FROM `ln_can_do` ORDER BY id asc  [ RunTime:0.000311s ]
INFO: [ view_parse ] --START--
INFO: [ template_filter ] --START--
INFO: Run Behavior\ContentReplace [ RunTime:0.000145s ]
INFO: [ template_filter ] --END-- [ RunTime:0.000226s ]
INFO: Run Behavior\ParseTemplate [ RunTime:0.011641s ]
INFO: [ view_parse ] --END-- [ RunTime:0.011685s ]
INFO: [ view_filter ] --START--
INFO: Run Behavior\WriteHtmlCache [ RunTime:0.000270s ]
INFO: [ view_filter ] --END-- [ RunTime:0.000304s ]
INFO: [ app_end ] --START--
INFO: Run Behavior\ShowPageTrace [ RunTime:0.000725s ]
INFO: [ app_end ] --END-- [ RunTime:0.000777s ]

[ 2022-04-22T10:26:39+08:00 ] 178.73.215.171 /
NOTIC: [8] Undefined index: HTTP_HOST /www/wwwroot/card.raycloud.icu/Application/Common/Conf/oauth.php 第 14 行.
INFO: [ app_begin ] --START--
INFO: Run Behavior\ReadHtmlCache [ RunTime:0.000619s ]
INFO: Run Behavior\CheckLang [ RunTime:0.000907s ]
INFO: [ app_begin ] --END-- [ RunTime:0.001676s ]
NOTIC: [8] Trying to access array offset on value of type int /www/wwwroot/card.raycloud.icu/Application/Home/Controller/HomeCommonController.class.php 第 20 行.
NOTIC: [8] Undefined index: HTTP_USER_AGENT /www/wwwroot/card.raycloud.icu/Application/Home/Controller/HomeCommonController.class.php 第 27 行.
NOTIC: [8] Undefined index: HTTP_USER_AGENT /www/wwwroot/card.raycloud.icu/Application/Home/Common/function.php 第 150 行.
SQL: SHOW COLUMNS FROM `ln_config` [ RunTime:0.001940s ]
SQL: SELECT `type`,`name`,`value` FROM `ln_config` WHERE ( `status` = 0 )  [ RunTime:0.000605s ]
NOTIC: [8] Undefined index: HTTP_HOST /www/wwwroot/card.raycloud.icu/ThinkPHP/Library/Think/Controller.class.php 第 42 行.
NOTIC: [2] file_get_contents(): php_network_getaddresses: getaddrinfo failed: Name or service not known /www/wwwroot/card.raycloud.icu/ThinkPHP/Library/Think/Controller.class.php 第 44 行.
NOTIC: [2] file_get_contents(http://www.adminx.site/index.php/user/api/index?name=shouorka&amp;domain=): failed to open stream: php_network_getaddresses: getaddrinfo failed: Name or service not known /www/wwwroot/card.raycloud.icu/ThinkPHP/Library/Think/Controller.class.php 第 44 行.
SQL: SHOW COLUMNS FROM `ln_card_type` [ RunTime:0.000584s ]
SQL: SELECT * FROM `ln_card_type`  [ RunTime:0.000353s ]
SQL: SHOW COLUMNS FROM `ln_announcement` [ RunTime:0.000523s ]
SQL: SELECT * FROM `ln_announcement` ORDER BY id desc LIMIT 1   [ RunTime:0.000359s ]
SQL: SHOW COLUMNS FROM `ln_can_do` [ RunTime:0.000520s ]
SQL: SELECT * FROM `ln_can_do` ORDER BY id asc  [ RunTime:0.000298s ]
INFO: [ view_parse ] --START--
INFO: [ template_filter ] --START--
INFO: Run Behavior\ContentReplace [ RunTime:0.000140s ]
INFO: [ template_filter ] --END-- [ RunTime:0.000207s ]
INFO: Run Behavior\ParseTemplate [ RunTime:0.012394s ]
INFO: [ view_parse ] --END-- [ RunTime:0.012471s ]
INFO: [ view_filter ] --START--
INFO: Run Behavior\WriteHtmlCache [ RunTime:0.000289s ]
INFO: [ view_filter ] --END-- [ RunTime:0.000323s ]
INFO: [ app_end ] --START--
INFO: Run Behavior\ShowPageTrace [ RunTime:0.000849s ]
INFO: [ app_end ] --END-- [ RunTime:0.000901s ]

[ 2022-04-22T11:41:02+08:00 ] 64.62.197.122 /
INFO: [ app_begin ] --START--
INFO: Run Behavior\ReadHtmlCache [ RunTime:0.000599s ]
INFO: Run Behavior\CheckLang [ RunTime:0.001167s ]
INFO: [ app_begin ] --END-- [ RunTime:0.001947s ]
NOTIC: [8] Trying to access array offset on value of type int /www/wwwroot/card.raycloud.icu/Application/Home/Controller/HomeCommonController.class.php 第 20 行.
NOTIC: [8] Undefined index: HTTP_USER_AGENT /www/wwwroot/card.raycloud.icu/Application/Home/Controller/HomeCommonController.class.php 第 27 行.
NOTIC: [8] Undefined index: HTTP_USER_AGENT /www/wwwroot/card.raycloud.icu/Application/Home/Common/function.php 第 150 行.
SQL: SHOW COLUMNS FROM `ln_config` [ RunTime:0.001801s ]
SQL: SELECT `type`,`name`,`value` FROM `ln_config` WHERE ( `status` = 0 )  [ RunTime:0.000646s ]
NOTIC: [2] file_get_contents(): php_network_getaddresses: getaddrinfo failed: Name or service not known /www/wwwroot/card.raycloud.icu/ThinkPHP/Library/Think/Controller.class.php 第 44 行.
NOTIC: [2] file_get_contents(http://www.adminx.site/index.php/user/api/index?name=shouorka&amp;domain=134.195.91.2): failed to open stream: php_network_getaddresses: getaddrinfo failed: Name or service not known /www/wwwroot/card.raycloud.icu/ThinkPHP/Library/Think/Controller.class.php 第 44 行.
SQL: SHOW COLUMNS FROM `ln_card_type` [ RunTime:0.001562s ]
SQL: SELECT * FROM `ln_card_type`  [ RunTime:0.000399s ]
SQL: SHOW COLUMNS FROM `ln_announcement` [ RunTime:0.000999s ]
SQL: SELECT * FROM `ln_announcement` ORDER BY id desc LIMIT 1   [ RunTime:0.001111s ]
SQL: SHOW COLUMNS FROM `ln_can_do` [ RunTime:0.000475s ]
SQL: SELECT * FROM `ln_can_do` ORDER BY id asc  [ RunTime:0.000328s ]
INFO: [ view_parse ] --START--
INFO: [ template_filter ] --START--
INFO: Run Behavior\ContentReplace [ RunTime:0.000132s ]
INFO: [ template_filter ] --END-- [ RunTime:0.000231s ]
INFO: Run Behavior\ParseTemplate [ RunTime:0.013914s ]
INFO: [ view_parse ] --END-- [ RunTime:0.013959s ]
INFO: [ view_filter ] --START--
INFO: Run Behavior\WriteHtmlCache [ RunTime:0.000272s ]
INFO: [ view_filter ] --END-- [ RunTime:0.000319s ]
INFO: [ app_end ] --START--
INFO: Run Behavior\ShowPageTrace [ RunTime:0.001043s ]
INFO: [ app_end ] --END-- [ RunTime:0.001108s ]

[ 2022-04-22T11:53:14+08:00 ] 101.68.211.3 /
INFO: [ app_begin ] --START--
INFO: Run Behavior\ReadHtmlCache [ RunTime:0.000586s ]
INFO: Run Behavior\CheckLang [ RunTime:0.001002s ]
INFO: [ app_begin ] --END-- [ RunTime:0.001756s ]
NOTIC: [8] Trying to access array offset on value of type int /www/wwwroot/card.raycloud.icu/Application/Home/Controller/HomeCommonController.class.php 第 20 行.
SQL: SHOW COLUMNS FROM `ln_config` [ RunTime:0.001951s ]
SQL: SELECT `type`,`name`,`value` FROM `ln_config` WHERE ( `status` = 0 )  [ RunTime:0.000647s ]
NOTIC: [2] file_get_contents(): php_network_getaddresses: getaddrinfo failed: Name or service not known /www/wwwroot/card.raycloud.icu/ThinkPHP/Library/Think/Controller.class.php 第 44 行.
NOTIC: [2] file_get_contents(http://www.adminx.site/index.php/user/api/index?name=shouorka&amp;domain=134.195.91.2:443): failed to open stream: php_network_getaddresses: getaddrinfo failed: Name or service not known /www/wwwroot/card.raycloud.icu/ThinkPHP/Library/Think/Controller.class.php 第 44 行.
SQL: SHOW COLUMNS FROM `ln_card_type` [ RunTime:0.000699s ]
SQL: SELECT * FROM `ln_card_type`  [ RunTime:0.000312s ]
SQL: SHOW COLUMNS FROM `ln_announcement` [ RunTime:0.000379s ]
SQL: SELECT * FROM `ln_announcement` ORDER BY id desc LIMIT 1   [ RunTime:0.000278s ]
SQL: SHOW COLUMNS FROM `ln_can_do` [ RunTime:0.000550s ]
SQL: SELECT * FROM `ln_can_do` ORDER BY id asc  [ RunTime:0.000246s ]
INFO: [ view_parse ] --START--
INFO: [ template_filter ] --START--
INFO: Run Behavior\ContentReplace [ RunTime:0.000200s ]
INFO: [ template_filter ] --END-- [ RunTime:0.000279s ]
INFO: Run Behavior\ParseTemplate [ RunTime:0.011814s ]
INFO: [ view_parse ] --END-- [ RunTime:0.011861s ]
INFO: [ view_filter ] --START--
INFO: Run Behavior\WriteHtmlCache [ RunTime:0.000339s ]
INFO: [ view_filter ] --END-- [ RunTime:0.000373s ]
INFO: [ app_end ] --START--
INFO: Run Behavior\ShowPageTrace [ RunTime:0.000695s ]
INFO: [ app_end ] --END-- [ RunTime:0.000738s ]

[ 2022-04-22T11:53:15+08:00 ] 101.68.211.3 /
INFO: [ app_begin ] --START--
INFO: Run Behavior\ReadHtmlCache [ RunTime:0.000570s ]
INFO: Run Behavior\CheckLang [ RunTime:0.000984s ]
INFO: [ app_begin ] --END-- [ RunTime:0.001655s ]
NOTIC: [8] Trying to access array offset on value of type int /www/wwwroot/card.raycloud.icu/Application/Home/Controller/HomeCommonController.class.php 第 20 行.
SQL: SHOW COLUMNS FROM `ln_config` [ RunTime:0.000850s ]
SQL: SELECT `type`,`name`,`value` FROM `ln_config` WHERE ( `status` = 0 )  [ RunTime:0.000455s ]
NOTIC: [2] file_get_contents(): php_network_getaddresses: getaddrinfo failed: Name or service not known /www/wwwroot/card.raycloud.icu/ThinkPHP/Library/Think/Controller.class.php 第 44 行.
NOTIC: [2] file_get_contents(http://www.adminx.site/index.php/user/api/index?name=shouorka&amp;domain=134.195.91.2:443): failed to open stream: php_network_getaddresses: getaddrinfo failed: Name or service not known /www/wwwroot/card.raycloud.icu/ThinkPHP/Library/Think/Controller.class.php 第 44 行.
SQL: SHOW COLUMNS FROM `ln_card_type` [ RunTime:0.000820s ]
SQL: SELECT * FROM `ln_card_type`  [ RunTime:0.000264s ]
SQL: SHOW COLUMNS FROM `ln_announcement` [ RunTime:0.000373s ]
SQL: SELECT * FROM `ln_announcement` ORDER BY id desc LIMIT 1   [ RunTime:0.000270s ]
SQL: SHOW COLUMNS FROM `ln_can_do` [ RunTime:0.000360s ]
SQL: SELECT * FROM `ln_can_do` ORDER BY id asc  [ RunTime:0.000209s ]
INFO: [ view_parse ] --START--
INFO: [ template_filter ] --START--
INFO: Run Behavior\ContentReplace [ RunTime:0.000131s ]
INFO: [ template_filter ] --END-- [ RunTime:0.000213s ]
INFO: Run Behavior\ParseTemplate [ RunTime:0.011873s ]
INFO: [ view_parse ] --END-- [ RunTime:0.011916s ]
INFO: [ view_filter ] --START--
INFO: Run Behavior\WriteHtmlCache [ RunTime:0.000251s ]
INFO: [ view_filter ] --END-- [ RunTime:0.000284s ]
INFO: [ app_end ] --START--
INFO: Run Behavior\ShowPageTrace [ RunTime:0.000753s ]
INFO: [ app_end ] --END-- [ RunTime:0.000798s ]

[ 2022-04-22T12:21:05+08:00 ] 54.214.181.238 /
INFO: [ app_begin ] --START--
INFO: Run Behavior\ReadHtmlCache [ RunTime:0.001017s ]
INFO: Run Behavior\CheckLang [ RunTime:0.001639s ]
INFO: [ app_begin ] --END-- [ RunTime:0.002931s ]
NOTIC: [8] Trying to access array offset on value of type int /www/wwwroot/card.raycloud.icu/Application/Home/Controller/HomeCommonController.class.php 第 20 行.
SQL: SHOW COLUMNS FROM `ln_config` [ RunTime:0.001990s ]
SQL: SELECT `type`,`name`,`value` FROM `ln_config` WHERE ( `status` = 0 )  [ RunTime:0.000833s ]
NOTIC: [2] file_get_contents(): php_network_getaddresses: getaddrinfo failed: Name or service not known /www/wwwroot/card.raycloud.icu/ThinkPHP/Library/Think/Controller.class.php 第 44 行.
NOTIC: [2] file_get_contents(http://www.adminx.site/index.php/user/api/index?name=shouorka&amp;domain=bookforhim.com): failed to open stream: php_network_getaddresses: getaddrinfo failed: Name or service not known /www/wwwroot/card.raycloud.icu/ThinkPHP/Library/Think/Controller.class.php 第 44 行.
SQL: SHOW COLUMNS FROM `ln_card_type` [ RunTime:0.000837s ]
SQL: SELECT * FROM `ln_card_type`  [ RunTime:0.000295s ]
SQL: SHOW COLUMNS FROM `ln_announcement` [ RunTime:0.000374s ]
SQL: SELECT * FROM `ln_announcement` ORDER BY id desc LIMIT 1   [ RunTime:0.000348s ]
SQL: SHOW COLUMNS FROM `ln_can_do` [ RunTime:0.000412s ]
SQL: SELECT * FROM `ln_can_do` ORDER BY id asc  [ RunTime:0.000261s ]
INFO: [ view_parse ] --START--
INFO: [ template_filter ] --START--
INFO: Run Behavior\ContentReplace [ RunTime:0.000136s ]
INFO: [ template_filter ] --END-- [ RunTime:0.000224s ]
INFO: Run Behavior\ParseTemplate [ RunTime:0.019786s ]
INFO: [ view_parse ] --END-- [ RunTime:0.019844s ]
INFO: [ view_filter ] --START--
INFO: Run Behavior\WriteHtmlCache [ RunTime:0.000269s ]
INFO: [ view_filter ] --END-- [ RunTime:0.000304s ]
INFO: [ app_end ] --START--
INFO: Run Behavior\ShowPageTrace [ RunTime:0.000676s ]
INFO: [ app_end ] --END-- [ RunTime:0.000719s ]

[ 2022-04-22T12:22:51+08:00 ] 35.167.27.196 /
INFO: [ app_begin ] --START--
INFO: Run Behavior\ReadHtmlCache [ RunTime:0.000700s ]
INFO: Run Behavior\CheckLang [ RunTime:0.000988s ]
INFO: [ app_begin ] --END-- [ RunTime:0.001881s ]
NOTIC: [8] Trying to access array offset on value of type int /www/wwwroot/card.raycloud.icu/Application/Home/Controller/HomeCommonController.class.php 第 20 行.
SQL: SHOW COLUMNS FROM `ln_config` [ RunTime:0.001838s ]
SQL: SELECT `type`,`name`,`value` FROM `ln_config` WHERE ( `status` = 0 )  [ RunTime:0.000579s ]
NOTIC: [2] file_get_contents(): php_network_getaddresses: getaddrinfo failed: Name or service not known /www/wwwroot/card.raycloud.icu/ThinkPHP/Library/Think/Controller.class.php 第 44 行.
NOTIC: [2] file_get_contents(http://www.adminx.site/index.php/user/api/index?name=shouorka&amp;domain=bookforhim.com): failed to open stream: php_network_getaddresses: getaddrinfo failed: Name or service not known /www/wwwroot/card.raycloud.icu/ThinkPHP/Library/Think/Controller.class.php 第 44 行.
SQL: SHOW COLUMNS FROM `ln_card_type` [ RunTime:0.000761s ]
SQL: SELECT * FROM `ln_card_type`  [ RunTime:0.000247s ]
SQL: SHOW COLUMNS FROM `ln_announcement` [ RunTime:0.000326s ]
SQL: SELECT * FROM `ln_announcement` ORDER BY id desc LIMIT 1   [ RunTime:0.000276s ]
SQL: SHOW COLUMNS FROM `ln_can_do` [ RunTime:0.000362s ]
SQL: SELECT * FROM `ln_can_do` ORDER BY id asc  [ RunTime:0.000225s ]
INFO: [ view_parse ] --START--
INFO: [ template_filter ] --START--
INFO: Run Behavior\ContentReplace [ RunTime:0.000149s ]
INFO: [ template_filter ] --END-- [ RunTime:0.000248s ]
INFO: Run Behavior\ParseTemplate [ RunTime:0.012069s ]
INFO: [ view_parse ] --END-- [ RunTime:0.012120s ]
INFO: [ view_filter ] --START--
INFO: Run Behavior\WriteHtmlCache [ RunTime:0.000355s ]
INFO: [ view_filter ] --END-- [ RunTime:0.000392s ]
INFO: [ app_end ] --START--
INFO: Run Behavior\ShowPageTrace [ RunTime:0.000812s ]
INFO: [ app_end ] --END-- [ RunTime:0.000857s ]

[ 2022-04-22T13:47:06+08:00 ] 195.123.247.26 /
INFO: [ app_begin ] --START--
INFO: Run Behavior\ReadHtmlCache [ RunTime:0.000688s ]
INFO: Run Behavior\CheckLang [ RunTime:0.001744s ]
INFO: [ app_begin ] --END-- [ RunTime:0.002616s ]
NOTIC: [8] Trying to access array offset on value of type int /www/wwwroot/card.raycloud.icu/Application/Home/Controller/HomeCommonController.class.php 第 20 行.
SQL: SHOW COLUMNS FROM `ln_config` [ RunTime:0.004524s ]
SQL: SELECT `type`,`name`,`value` FROM `ln_config` WHERE ( `status` = 0 )  [ RunTime:0.001469s ]
NOTIC: [2] file_get_contents(): php_network_getaddresses: getaddrinfo failed: Name or service not known /www/wwwroot/card.raycloud.icu/ThinkPHP/Library/Think/Controller.class.php 第 44 行.
NOTIC: [2] file_get_contents(http://www.adminx.site/index.php/user/api/index?name=shouorka&amp;domain=134.195.91.2): failed to open stream: php_network_getaddresses: getaddrinfo failed: Name or service not known /www/wwwroot/card.raycloud.icu/ThinkPHP/Library/Think/Controller.class.php 第 44 行.
SQL: SHOW COLUMNS FROM `ln_card_type` [ RunTime:0.001548s ]
SQL: SELECT * FROM `ln_card_type`  [ RunTime:0.000296s ]
SQL: SHOW COLUMNS FROM `ln_announcement` [ RunTime:0.000416s ]
SQL: SELECT * FROM `ln_announcement` ORDER BY id desc LIMIT 1   [ RunTime:0.000293s ]
SQL: SHOW COLUMNS FROM `ln_can_do` [ RunTime:0.000486s ]
SQL: SELECT * FROM `ln_can_do` ORDER BY id asc  [ RunTime:0.000245s ]
INFO: [ view_parse ] --START--
INFO: [ template_filter ] --START--
INFO: Run Behavior\ContentReplace [ RunTime:0.000154s ]
INFO: [ template_filter ] --END-- [ RunTime:0.000230s ]
INFO: Run Behavior\ParseTemplate [ RunTime:0.012441s ]
INFO: [ view_parse ] --END-- [ RunTime:0.012520s ]
INFO: [ view_filter ] --START--
INFO: Run Behavior\WriteHtmlCache [ RunTime:0.000270s ]
INFO: [ view_filter ] --END-- [ RunTime:0.000333s ]
INFO: [ app_end ] --START--
INFO: Run Behavior\ShowPageTrace [ RunTime:0.000686s ]
INFO: [ app_end ] --END-- [ RunTime:0.000731s ]

[ 2022-04-22T13:47:06+08:00 ] 195.123.247.26 /
INFO: [ app_begin ] --START--
INFO: Run Behavior\ReadHtmlCache [ RunTime:0.000898s ]
INFO: Run Behavior\CheckLang [ RunTime:0.001526s ]
INFO: [ app_begin ] --END-- [ RunTime:0.002577s ]
NOTIC: [8] Trying to access array offset on value of type int /www/wwwroot/card.raycloud.icu/Application/Home/Controller/HomeCommonController.class.php 第 20 行.
SQL: SHOW COLUMNS FROM `ln_config` [ RunTime:0.000748s ]
SQL: SELECT `type`,`name`,`value` FROM `ln_config` WHERE ( `status` = 0 )  [ RunTime:0.000356s ]
NOTIC: [2] file_get_contents(): php_network_getaddresses: getaddrinfo failed: Name or service not known /www/wwwroot/card.raycloud.icu/ThinkPHP/Library/Think/Controller.class.php 第 44 行.
NOTIC: [2] file_get_contents(http://www.adminx.site/index.php/user/api/index?name=shouorka&amp;domain=134.195.91.2): failed to open stream: php_network_getaddresses: getaddrinfo failed: Name or service not known /www/wwwroot/card.raycloud.icu/ThinkPHP/Library/Think/Controller.class.php 第 44 行.
SQL: SHOW COLUMNS FROM `ln_card_type` [ RunTime:0.000976s ]
SQL: SELECT * FROM `ln_card_type`  [ RunTime:0.000365s ]
SQL: SHOW COLUMNS FROM `ln_announcement` [ RunTime:0.000509s ]
SQL: SELECT * FROM `ln_announcement` ORDER BY id desc LIMIT 1   [ RunTime:0.000327s ]
SQL: SHOW COLUMNS FROM `ln_can_do` [ RunTime:0.000557s ]
SQL: SELECT * FROM `ln_can_do` ORDER BY id asc  [ RunTime:0.000312s ]
INFO: [ view_parse ] --START--
INFO: [ template_filter ] --START--
INFO: Run Behavior\ContentReplace [ RunTime:0.000170s ]
INFO: [ template_filter ] --END-- [ RunTime:0.000351s ]
INFO: Run Behavior\ParseTemplate [ RunTime:0.024204s ]
INFO: [ view_parse ] --END-- [ RunTime:0.024279s ]
INFO: [ view_filter ] --START--
INFO: Run Behavior\WriteHtmlCache [ RunTime:0.000475s ]
INFO: [ view_filter ] --END-- [ RunTime:0.000530s ]
INFO: [ app_end ] --START--
INFO: Run Behavior\ShowPageTrace [ RunTime:0.001019s ]
INFO: [ app_end ] --END-- [ RunTime:0.001083s ]

[ 2022-04-22T15:02:52+08:00 ] 80.82.78.39 /
INFO: [ app_begin ] --START--
INFO: Run Behavior\ReadHtmlCache [ RunTime:0.000750s ]
INFO: Run Behavior\CheckLang [ RunTime:0.000903s ]
INFO: [ app_begin ] --END-- [ RunTime:0.001855s ]
NOTIC: [8] Trying to access array offset on value of type int /www/wwwroot/card.raycloud.icu/Application/Home/Controller/HomeCommonController.class.php 第 20 行.
SQL: SHOW COLUMNS FROM `ln_config` [ RunTime:0.001839s ]
SQL: SELECT `type`,`name`,`value` FROM `ln_config` WHERE ( `status` = 0 )  [ RunTime:0.000609s ]
NOTIC: [2] file_get_contents(): php_network_getaddresses: getaddrinfo failed: Name or service not known /www/wwwroot/card.raycloud.icu/ThinkPHP/Library/Think/Controller.class.php 第 44 行.
NOTIC: [2] file_get_contents(http://www.adminx.site/index.php/user/api/index?name=shouorka&amp;domain=134.195.91.2): failed to open stream: php_network_getaddresses: getaddrinfo failed: Name or service not known /www/wwwroot/card.raycloud.icu/ThinkPHP/Library/Think/Controller.class.php 第 44 行.
SQL: SHOW COLUMNS FROM `ln_card_type` [ RunTime:0.000576s ]
SQL: SELECT * FROM `ln_card_type`  [ RunTime:0.000285s ]
SQL: SHOW COLUMNS FROM `ln_announcement` [ RunTime:0.000534s ]
SQL: SELECT * FROM `ln_announcement` ORDER BY id desc LIMIT 1   [ RunTime:0.000336s ]
SQL: SHOW COLUMNS FROM `ln_can_do` [ RunTime:0.000356s ]
SQL: SELECT * FROM `ln_can_do` ORDER BY id asc  [ RunTime:0.000221s ]
INFO: [ view_parse ] --START--
INFO: [ template_filter ] --START--
INFO: Run Behavior\ContentReplace [ RunTime:0.000129s ]
INFO: [ template_filter ] --END-- [ RunTime:0.000194s ]
INFO: Run Behavior\ParseTemplate [ RunTime:0.011437s ]
INFO: [ view_parse ] --END-- [ RunTime:0.011494s ]
INFO: [ view_filter ] --START--
INFO: Run Behavior\WriteHtmlCache [ RunTime:0.000279s ]
INFO: [ view_filter ] --END-- [ RunTime:0.000323s ]
INFO: [ app_end ] --START--
INFO: Run Behavior\ShowPageTrace [ RunTime:0.000710s ]
INFO: [ app_end ] --END-- [ RunTime:0.000762s ]

[ 2022-04-22T15:02:55+08:00 ] 80.82.78.39 /
INFO: [ app_begin ] --START--
INFO: Run Behavior\ReadHtmlCache [ RunTime:0.000550s ]
INFO: Run Behavior\CheckLang [ RunTime:0.000953s ]
INFO: [ app_begin ] --END-- [ RunTime:0.001609s ]
NOTIC: [8] Trying to access array offset on value of type int /www/wwwroot/card.raycloud.icu/Application/Home/Controller/HomeCommonController.class.php 第 20 行.
SQL: SHOW COLUMNS FROM `ln_config` [ RunTime:0.000693s ]
SQL: SELECT `type`,`name`,`value` FROM `ln_config` WHERE ( `status` = 0 )  [ RunTime:0.000428s ]
NOTIC: [2] file_get_contents(): php_network_getaddresses: getaddrinfo failed: Name or service not known /www/wwwroot/card.raycloud.icu/ThinkPHP/Library/Think/Controller.class.php 第 44 行.
NOTIC: [2] file_get_contents(http://www.adminx.site/index.php/user/api/index?name=shouorka&amp;domain=134.195.91.2:443): failed to open stream: php_network_getaddresses: getaddrinfo failed: Name or service not known /www/wwwroot/card.raycloud.icu/ThinkPHP/Library/Think/Controller.class.php 第 44 行.
SQL: SHOW COLUMNS FROM `ln_card_type` [ RunTime:0.000836s ]
SQL: SELECT * FROM `ln_card_type`  [ RunTime:0.000266s ]
SQL: SHOW COLUMNS FROM `ln_announcement` [ RunTime:0.000384s ]
SQL: SELECT * FROM `ln_announcement` ORDER BY id desc LIMIT 1   [ RunTime:0.000232s ]
SQL: SHOW COLUMNS FROM `ln_can_do` [ RunTime:0.000373s ]
SQL: SELECT * FROM `ln_can_do` ORDER BY id asc  [ RunTime:0.000239s ]
INFO: [ view_parse ] --START--
INFO: [ template_filter ] --START--
INFO: Run Behavior\ContentReplace [ RunTime:0.000135s ]
INFO: [ template_filter ] --END-- [ RunTime:0.000220s ]
INFO: Run Behavior\ParseTemplate [ RunTime:0.012159s ]
INFO: [ view_parse ] --END-- [ RunTime:0.012219s ]
INFO: [ view_filter ] --START--
INFO: Run Behavior\WriteHtmlCache [ RunTime:0.000309s ]
INFO: [ view_filter ] --END-- [ RunTime:0.000344s ]
INFO: [ app_end ] --START--
INFO: Run Behavior\ShowPageTrace [ RunTime:0.000767s ]
INFO: [ app_end ] --END-- [ RunTime:0.000814s ]

[ 2022-04-22T15:20:12+08:00 ] 104.131.56.48 /
INFO: [ app_begin ] --START--
INFO: Run Behavior\ReadHtmlCache [ RunTime:0.000559s ]
INFO: Run Behavior\CheckLang [ RunTime:0.001328s ]
INFO: [ app_begin ] --END-- [ RunTime:0.002051s ]
NOTIC: [8] Trying to access array offset on value of type int /www/wwwroot/card.raycloud.icu/Application/Home/Controller/HomeCommonController.class.php 第 20 行.
SQL: SHOW COLUMNS FROM `ln_config` [ RunTime:0.001993s ]
SQL: SELECT `type`,`name`,`value` FROM `ln_config` WHERE ( `status` = 0 )  [ RunTime:0.000669s ]
NOTIC: [2] file_get_contents(): php_network_getaddresses: getaddrinfo failed: Name or service not known /www/wwwroot/card.raycloud.icu/ThinkPHP/Library/Think/Controller.class.php 第 44 行.
NOTIC: [2] file_get_contents(http://www.adminx.site/index.php/user/api/index?name=shouorka&amp;domain=134.195.91.2): failed to open stream: php_network_getaddresses: getaddrinfo failed: Name or service not known /www/wwwroot/card.raycloud.icu/ThinkPHP/Library/Think/Controller.class.php 第 44 行.
SQL: SHOW COLUMNS FROM `ln_card_type` [ RunTime:0.000426s ]
SQL: SELECT * FROM `ln_card_type`  [ RunTime:0.000308s ]
SQL: SHOW COLUMNS FROM `ln_announcement` [ RunTime:0.000327s ]
SQL: SELECT * FROM `ln_announcement` ORDER BY id desc LIMIT 1   [ RunTime:0.000308s ]
SQL: SHOW COLUMNS FROM `ln_can_do` [ RunTime:0.000322s ]
SQL: SELECT * FROM `ln_can_do` ORDER BY id asc  [ RunTime:0.000202s ]
INFO: [ view_parse ] --START--
INFO: [ template_filter ] --START--
INFO: Run Behavior\ContentReplace [ RunTime:0.000145s ]
INFO: [ template_filter ] --END-- [ RunTime:0.000215s ]
INFO: Run Behavior\ParseTemplate [ RunTime:0.013190s ]
INFO: [ view_parse ] --END-- [ RunTime:0.013248s ]
INFO: [ view_filter ] --START--
INFO: Run Behavior\WriteHtmlCache [ RunTime:0.000254s ]
INFO: [ view_filter ] --END-- [ RunTime:0.000288s ]
INFO: [ app_end ] --START--
INFO: Run Behavior\ShowPageTrace [ RunTime:0.000736s ]
INFO: [ app_end ] --END-- [ RunTime:0.000780s ]

[ 2022-04-22T16:26:57+08:00 ] 172.70.162.18 /
INFO: [ app_begin ] --START--
INFO: Run Behavior\ReadHtmlCache [ RunTime:0.000610s ]
INFO: Run Behavior\CheckLang [ RunTime:0.000952s ]
INFO: [ app_begin ] --END-- [ RunTime:0.001730s ]
NOTIC: [8] Trying to access array offset on value of type int /www/wwwroot/card.raycloud.icu/Application/Home/Controller/HomeCommonController.class.php 第 20 行.
SQL: SHOW COLUMNS FROM `ln_config` [ RunTime:0.002035s ]
SQL: SELECT `type`,`name`,`value` FROM `ln_config` WHERE ( `status` = 0 )  [ RunTime:0.000741s ]
NOTIC: [2] file_get_contents(): php_network_getaddresses: getaddrinfo failed: Name or service not known /www/wwwroot/card.raycloud.icu/ThinkPHP/Library/Think/Controller.class.php 第 44 行.
NOTIC: [2] file_get_contents(http://www.adminx.site/index.php/user/api/index?name=shouorka&amp;domain=bookforhim.com): failed to open stream: php_network_getaddresses: getaddrinfo failed: Name or service not known /www/wwwroot/card.raycloud.icu/ThinkPHP/Library/Think/Controller.class.php 第 44 行.
SQL: SHOW COLUMNS FROM `ln_card_type` [ RunTime:0.001496s ]
SQL: SELECT * FROM `ln_card_type`  [ RunTime:0.000384s ]
SQL: SHOW COLUMNS FROM `ln_announcement` [ RunTime:0.000536s ]
SQL: SELECT * FROM `ln_announcement` ORDER BY id desc LIMIT 1   [ RunTime:0.000352s ]
SQL: SHOW COLUMNS FROM `ln_can_do` [ RunTime:0.000477s ]
SQL: SELECT * FROM `ln_can_do` ORDER BY id asc  [ RunTime:0.000224s ]
INFO: [ view_parse ] --START--
INFO: [ template_filter ] --START--
INFO: Run Behavior\ContentReplace [ RunTime:0.000146s ]
INFO: [ template_filter ] --END-- [ RunTime:0.000230s ]
INFO: Run Behavior\ParseTemplate [ RunTime:0.013144s ]
INFO: [ view_parse ] --END-- [ RunTime:0.013215s ]
INFO: [ view_filter ] --START--
INFO: Run Behavior\WriteHtmlCache [ RunTime:0.000325s ]
INFO: [ view_filter ] --END-- [ RunTime:0.000360s ]
INFO: [ app_end ] --START--
INFO: Run Behavior\ShowPageTrace [ RunTime:0.000838s ]
INFO: [ app_end ] --END-- [ RunTime:0.000892s ]

[ 2022-04-22T18:34:45+08:00 ] 66.240.192.82 /
INFO: [ app_begin ] --START--
INFO: Run Behavior\ReadHtmlCache [ RunTime:0.000658s ]
INFO: Run Behavior\CheckLang [ RunTime:0.000953s ]
INFO: [ app_begin ] --END-- [ RunTime:0.002490s ]
NOTIC: [8] Trying to access array offset on value of type int /www/wwwroot/card.raycloud.icu/Application/Home/Controller/HomeCommonController.class.php 第 20 行.
SQL: SHOW COLUMNS FROM `ln_config` [ RunTime:0.001802s ]
SQL: SELECT `type`,`name`,`value` FROM `ln_config` WHERE ( `status` = 0 )  [ RunTime:0.000564s ]
NOTIC: [2] file_get_contents(): php_network_getaddresses: getaddrinfo failed: Name or service not known /www/wwwroot/card.raycloud.icu/ThinkPHP/Library/Think/Controller.class.php 第 44 行.
NOTIC: [2] file_get_contents(http://www.adminx.site/index.php/user/api/index?name=shouorka&amp;domain=134.195.91.2): failed to open stream: php_network_getaddresses: getaddrinfo failed: Name or service not known /www/wwwroot/card.raycloud.icu/ThinkPHP/Library/Think/Controller.class.php 第 44 行.
SQL: SHOW COLUMNS FROM `ln_card_type` [ RunTime:0.000724s ]
SQL: SELECT * FROM `ln_card_type`  [ RunTime:0.000277s ]
SQL: SHOW COLUMNS FROM `ln_announcement` [ RunTime:0.000410s ]
SQL: SELECT * FROM `ln_announcement` ORDER BY id desc LIMIT 1   [ RunTime:0.000269s ]
SQL: SHOW COLUMNS FROM `ln_can_do` [ RunTime:0.000343s ]
SQL: SELECT * FROM `ln_can_do` ORDER BY id asc  [ RunTime:0.000292s ]
INFO: [ view_parse ] --START--
INFO: [ template_filter ] --START--
INFO: Run Behavior\ContentReplace [ RunTime:0.000139s ]
INFO: [ template_filter ] --END-- [ RunTime:0.000217s ]
INFO: Run Behavior\ParseTemplate [ RunTime:0.012055s ]
INFO: [ view_parse ] --END-- [ RunTime:0.012100s ]
INFO: [ view_filter ] --START--
INFO: Run Behavior\WriteHtmlCache [ RunTime:0.000301s ]
INFO: [ view_filter ] --END-- [ RunTime:0.000335s ]
INFO: [ app_end ] --START--
INFO: Run Behavior\ShowPageTrace [ RunTime:0.000685s ]
INFO: [ app_end ] --END-- [ RunTime:0.000729s ]

[ 2022-04-22T20:47:12+08:00 ] 35.233.62.116 /
INFO: [ app_begin ] --START--
INFO: Run Behavior\ReadHtmlCache [ RunTime:0.000633s ]
INFO: Run Behavior\CheckLang [ RunTime:0.000943s ]
INFO: [ app_begin ] --END-- [ RunTime:0.001743s ]
NOTIC: [8] Trying to access array offset on value of type int /www/wwwroot/card.raycloud.icu/Application/Home/Controller/HomeCommonController.class.php 第 20 行.
SQL: SHOW COLUMNS FROM `ln_config` [ RunTime:0.001914s ]
SQL: SELECT `type`,`name`,`value` FROM `ln_config` WHERE ( `status` = 0 )  [ RunTime:0.000635s ]
NOTIC: [2] file_get_contents(): php_network_getaddresses: getaddrinfo failed: Name or service not known /www/wwwroot/card.raycloud.icu/ThinkPHP/Library/Think/Controller.class.php 第 44 行.
NOTIC: [2] file_get_contents(http://www.adminx.site/index.php/user/api/index?name=shouorka&amp;domain=134.195.91.2): failed to open stream: php_network_getaddresses: getaddrinfo failed: Name or service not known /www/wwwroot/card.raycloud.icu/ThinkPHP/Library/Think/Controller.class.php 第 44 行.
SQL: SHOW COLUMNS FROM `ln_card_type` [ RunTime:0.000642s ]
SQL: SELECT * FROM `ln_card_type`  [ RunTime:0.000278s ]
SQL: SHOW COLUMNS FROM `ln_announcement` [ RunTime:0.000365s ]
SQL: SELECT * FROM `ln_announcement` ORDER BY id desc LIMIT 1   [ RunTime:0.000374s ]
SQL: SHOW COLUMNS FROM `ln_can_do` [ RunTime:0.000406s ]
SQL: SELECT * FROM `ln_can_do` ORDER BY id asc  [ RunTime:0.000229s ]
INFO: [ view_parse ] --START--
INFO: [ template_filter ] --START--
INFO: Run Behavior\ContentReplace [ RunTime:0.000130s ]
INFO: [ template_filter ] --END-- [ RunTime:0.000200s ]
INFO: Run Behavior\ParseTemplate [ RunTime:0.011461s ]
INFO: [ view_parse ] --END-- [ RunTime:0.011508s ]
INFO: [ view_filter ] --START--
INFO: Run Behavior\WriteHtmlCache [ RunTime:0.000267s ]
INFO: [ view_filter ] --END-- [ RunTime:0.000299s ]
INFO: [ app_end ] --START--
INFO: Run Behavior\ShowPageTrace [ RunTime:0.000675s ]
INFO: [ app_end ] --END-- [ RunTime:0.000716s ]

[ 2022-04-22T20:51:38+08:00 ] 45.155.204.146 /
INFO: [ app_begin ] --START--
INFO: Run Behavior\ReadHtmlCache [ RunTime:0.000620s ]
INFO: Run Behavior\CheckLang [ RunTime:0.000893s ]
INFO: [ app_begin ] --END-- [ RunTime:0.001682s ]
NOTIC: [8] Trying to access array offset on value of type int /www/wwwroot/card.raycloud.icu/Application/Home/Controller/HomeCommonController.class.php 第 20 行.
SQL: SHOW COLUMNS FROM `ln_config` [ RunTime:0.001959s ]
SQL: SELECT `type`,`name`,`value` FROM `ln_config` WHERE ( `status` = 0 )  [ RunTime:0.000592s ]
NOTIC: [2] file_get_contents(): php_network_getaddresses: getaddrinfo failed: Name or service not known /www/wwwroot/card.raycloud.icu/ThinkPHP/Library/Think/Controller.class.php 第 44 行.
NOTIC: [2] file_get_contents(http://www.adminx.site/index.php/user/api/index?name=shouorka&amp;domain=134.195.91.2:443): failed to open stream: php_network_getaddresses: getaddrinfo failed: Name or service not known /www/wwwroot/card.raycloud.icu/ThinkPHP/Library/Think/Controller.class.php 第 44 行.
SQL: SHOW COLUMNS FROM `ln_card_type` [ RunTime:0.001037s ]
SQL: SELECT * FROM `ln_card_type`  [ RunTime:0.000337s ]
SQL: SHOW COLUMNS FROM `ln_announcement` [ RunTime:0.000327s ]
SQL: SELECT * FROM `ln_announcement` ORDER BY id desc LIMIT 1   [ RunTime:0.000315s ]
SQL: SHOW COLUMNS FROM `ln_can_do` [ RunTime:0.000413s ]
SQL: SELECT * FROM `ln_can_do` ORDER BY id asc  [ RunTime:0.000261s ]
INFO: [ view_parse ] --START--
INFO: [ template_filter ] --START--
INFO: Run Behavior\ContentReplace [ RunTime:0.000167s ]
INFO: [ template_filter ] --END-- [ RunTime:0.000273s ]
INFO: Run Behavior\ParseTemplate [ RunTime:0.014077s ]
INFO: [ view_parse ] --END-- [ RunTime:0.014143s ]
INFO: [ view_filter ] --START--
INFO: Run Behavior\WriteHtmlCache [ RunTime:0.000530s ]
INFO: [ view_filter ] --END-- [ RunTime:0.000577s ]
INFO: [ app_end ] --START--
INFO: Run Behavior\ShowPageTrace [ RunTime:0.001108s ]
INFO: [ app_end ] --END-- [ RunTime:0.001182s ]

[ 2022-04-22T20:59:56+08:00 ] 192.241.222.236 /
INFO: [ app_begin ] --START--
INFO: Run Behavior\ReadHtmlCache [ RunTime:0.000639s ]
INFO: Run Behavior\CheckLang [ RunTime:0.000983s ]
INFO: [ app_begin ] --END-- [ RunTime:0.001801s ]
NOTIC: [8] Trying to access array offset on value of type int /www/wwwroot/card.raycloud.icu/Application/Home/Controller/HomeCommonController.class.php 第 20 行.
SQL: SHOW COLUMNS FROM `ln_config` [ RunTime:0.001780s ]
SQL: SELECT `type`,`name`,`value` FROM `ln_config` WHERE ( `status` = 0 )  [ RunTime:0.001086s ]
NOTIC: [2] file_get_contents(): php_network_getaddresses: getaddrinfo failed: Name or service not known /www/wwwroot/card.raycloud.icu/ThinkPHP/Library/Think/Controller.class.php 第 44 行.
NOTIC: [2] file_get_contents(http://www.adminx.site/index.php/user/api/index?name=shouorka&amp;domain=134.195.91.2): failed to open stream: php_network_getaddresses: getaddrinfo failed: Name or service not known /www/wwwroot/card.raycloud.icu/ThinkPHP/Library/Think/Controller.class.php 第 44 行.
SQL: SHOW COLUMNS FROM `ln_card_type` [ RunTime:0.000546s ]
SQL: SELECT * FROM `ln_card_type`  [ RunTime:0.000272s ]
SQL: SHOW COLUMNS FROM `ln_announcement` [ RunTime:0.000390s ]
SQL: SELECT * FROM `ln_announcement` ORDER BY id desc LIMIT 1   [ RunTime:0.000280s ]
SQL: SHOW COLUMNS FROM `ln_can_do` [ RunTime:0.000362s ]
SQL: SELECT * FROM `ln_can_do` ORDER BY id asc  [ RunTime:0.000220s ]
INFO: [ view_parse ] --START--
INFO: [ template_filter ] --START--
INFO: Run Behavior\ContentReplace [ RunTime:0.000183s ]
INFO: [ template_filter ] --END-- [ RunTime:0.000263s ]
INFO: Run Behavior\ParseTemplate [ RunTime:0.011705s ]
INFO: [ view_parse ] --END-- [ RunTime:0.011762s ]
INFO: [ view_filter ] --START--
INFO: Run Behavior\WriteHtmlCache [ RunTime:0.000456s ]
INFO: [ view_filter ] --END-- [ RunTime:0.000511s ]
INFO: [ app_end ] --START--
INFO: Run Behavior\ShowPageTrace [ RunTime:0.001001s ]
INFO: [ app_end ] --END-- [ RunTime:0.001068s ]

[ 2022-04-22T21:03:47+08:00 ] 45.155.204.146 /
INFO: [ app_begin ] --START--
INFO: Run Behavior\ReadHtmlCache [ RunTime:0.000597s ]
INFO: Run Behavior\CheckLang [ RunTime:0.000895s ]
INFO: [ app_begin ] --END-- [ RunTime:0.001652s ]
NOTIC: [8] Trying to access array offset on value of type int /www/wwwroot/card.raycloud.icu/Application/Home/Controller/HomeCommonController.class.php 第 20 行.
SQL: SHOW COLUMNS FROM `ln_config` [ RunTime:0.001758s ]
SQL: SELECT `type`,`name`,`value` FROM `ln_config` WHERE ( `status` = 0 )  [ RunTime:0.001129s ]
NOTIC: [2] file_get_contents(): php_network_getaddresses: getaddrinfo failed: Name or service not known /www/wwwroot/card.raycloud.icu/ThinkPHP/Library/Think/Controller.class.php 第 44 行.
NOTIC: [2] file_get_contents(http://www.adminx.site/index.php/user/api/index?name=shouorka&amp;domain=134.195.91.2:443): failed to open stream: php_network_getaddresses: getaddrinfo failed: Name or service not known /www/wwwroot/card.raycloud.icu/ThinkPHP/Library/Think/Controller.class.php 第 44 行.
SQL: SHOW COLUMNS FROM `ln_card_type` [ RunTime:0.000778s ]
SQL: SELECT * FROM `ln_card_type`  [ RunTime:0.000281s ]
SQL: SHOW COLUMNS FROM `ln_announcement` [ RunTime:0.000764s ]
SQL: SELECT * FROM `ln_announcement` ORDER BY id desc LIMIT 1   [ RunTime:0.001181s ]
SQL: SHOW COLUMNS FROM `ln_can_do` [ RunTime:0.000373s ]
SQL: SELECT * FROM `ln_can_do` ORDER BY id asc  [ RunTime:0.000245s ]
INFO: [ view_parse ] --START--
INFO: [ template_filter ] --START--
INFO: Run Behavior\ContentReplace [ RunTime:0.000132s ]
INFO: [ template_filter ] --END-- [ RunTime:0.000198s ]
INFO: Run Behavior\ParseTemplate [ RunTime:0.010494s ]
INFO: [ view_parse ] --END-- [ RunTime:0.010539s ]
INFO: [ view_filter ] --START--
INFO: Run Behavior\WriteHtmlCache [ RunTime:0.000262s ]
INFO: [ view_filter ] --END-- [ RunTime:0.000297s ]
INFO: [ app_end ] --START--
INFO: Run Behavior\ShowPageTrace [ RunTime:0.000639s ]
INFO: [ app_end ] --END-- [ RunTime:0.000680s ]

[ 2022-04-22T22:01:15+08:00 ] 80.82.77.33 /
INFO: [ app_begin ] --START--
INFO: Run Behavior\ReadHtmlCache [ RunTime:0.000643s ]
INFO: Run Behavior\CheckLang [ RunTime:0.000916s ]
INFO: [ app_begin ] --END-- [ RunTime:0.001743s ]
NOTIC: [8] Trying to access array offset on value of type int /www/wwwroot/card.raycloud.icu/Application/Home/Controller/HomeCommonController.class.php 第 20 行.
SQL: SHOW COLUMNS FROM `ln_config` [ RunTime:0.002772s ]
SQL: SELECT `type`,`name`,`value` FROM `ln_config` WHERE ( `status` = 0 )  [ RunTime:0.000641s ]
NOTIC: [2] file_get_contents(): php_network_getaddresses: getaddrinfo failed: Name or service not known /www/wwwroot/card.raycloud.icu/ThinkPHP/Library/Think/Controller.class.php 第 44 行.
NOTIC: [2] file_get_contents(http://www.adminx.site/index.php/user/api/index?name=shouorka&amp;domain=134.195.91.2): failed to open stream: php_network_getaddresses: getaddrinfo failed: Name or service not known /www/wwwroot/card.raycloud.icu/ThinkPHP/Library/Think/Controller.class.php 第 44 行.
SQL: SHOW COLUMNS FROM `ln_card_type` [ RunTime:0.000731s ]
SQL: SELECT * FROM `ln_card_type`  [ RunTime:0.000274s ]
SQL: SHOW COLUMNS FROM `ln_announcement` [ RunTime:0.000423s ]
SQL: SELECT * FROM `ln_announcement` ORDER BY id desc LIMIT 1   [ RunTime:0.001630s ]
SQL: SHOW COLUMNS FROM `ln_can_do` [ RunTime:0.000603s ]
SQL: SELECT * FROM `ln_can_do` ORDER BY id asc  [ RunTime:0.000359s ]
INFO: [ view_parse ] --START--
INFO: [ template_filter ] --START--
INFO: Run Behavior\ContentReplace [ RunTime:0.000147s ]
INFO: [ template_filter ] --END-- [ RunTime:0.000232s ]
INFO: Run Behavior\ParseTemplate [ RunTime:0.012458s ]
INFO: [ view_parse ] --END-- [ RunTime:0.012507s ]
INFO: [ view_filter ] --START--
INFO: Run Behavior\WriteHtmlCache [ RunTime:0.000258s ]
INFO: [ view_filter ] --END-- [ RunTime:0.000291s ]
INFO: [ app_end ] --START--
INFO: Run Behavior\ShowPageTrace [ RunTime:0.000679s ]
INFO: [ app_end ] --END-- [ RunTime:0.000722s ]

[ 2022-04-22T22:58:04+08:00 ] 94.247.163.62 /
INFO: [ app_begin ] --START--
INFO: Run Behavior\ReadHtmlCache [ RunTime:0.000642s ]
INFO: Run Behavior\CheckLang [ RunTime:0.001222s ]
INFO: [ app_begin ] --END-- [ RunTime:0.002049s ]
NOTIC: [8] Trying to access array offset on value of type int /www/wwwroot/card.raycloud.icu/Application/Home/Controller/HomeCommonController.class.php 第 20 行.
SQL: SHOW COLUMNS FROM `ln_config` [ RunTime:0.001837s ]
SQL: SELECT `type`,`name`,`value` FROM `ln_config` WHERE ( `status` = 0 )  [ RunTime:0.000596s ]
NOTIC: [2] file_get_contents(): php_network_getaddresses: getaddrinfo failed: Name or service not known /www/wwwroot/card.raycloud.icu/ThinkPHP/Library/Think/Controller.class.php 第 44 行.
NOTIC: [2] file_get_contents(http://www.adminx.site/index.php/user/api/index?name=shouorka&amp;domain=134.195.91.2): failed to open stream: php_network_getaddresses: getaddrinfo failed: Name or service not known /www/wwwroot/card.raycloud.icu/ThinkPHP/Library/Think/Controller.class.php 第 44 行.
SQL: SHOW COLUMNS FROM `ln_card_type` [ RunTime:0.000885s ]
SQL: SELECT * FROM `ln_card_type`  [ RunTime:0.000382s ]
SQL: SHOW COLUMNS FROM `ln_announcement` [ RunTime:0.000497s ]
SQL: SELECT * FROM `ln_announcement` ORDER BY id desc LIMIT 1   [ RunTime:0.000371s ]
SQL: SHOW COLUMNS FROM `ln_can_do` [ RunTime:0.000673s ]
SQL: SELECT * FROM `ln_can_do` ORDER BY id asc  [ RunTime:0.000320s ]
INFO: [ view_parse ] --START--
INFO: [ template_filter ] --START--
INFO: Run Behavior\ContentReplace [ RunTime:0.000133s ]
INFO: [ template_filter ] --END-- [ RunTime:0.000215s ]
INFO: Run Behavior\ParseTemplate [ RunTime:0.013669s ]
INFO: [ view_parse ] --END-- [ RunTime:0.013755s ]
INFO: [ view_filter ] --START--
INFO: Run Behavior\WriteHtmlCache [ RunTime:0.000482s ]
INFO: [ view_filter ] --END-- [ RunTime:0.000529s ]
INFO: [ app_end ] --START--
INFO: Run Behavior\ShowPageTrace [ RunTime:0.001021s ]
INFO: [ app_end ] --END-- [ RunTime:0.001093s ]

[ 2022-04-22T23:29:42+08:00 ] 209.141.51.49 /
INFO: [ app_begin ] --START--
INFO: Run Behavior\ReadHtmlCache [ RunTime:0.000658s ]
INFO: Run Behavior\CheckLang [ RunTime:0.000893s ]
INFO: [ app_begin ] --END-- [ RunTime:0.001729s ]
NOTIC: [8] Trying to access array offset on value of type int /www/wwwroot/card.raycloud.icu/Application/Home/Controller/HomeCommonController.class.php 第 20 行.
SQL: SHOW COLUMNS FROM `ln_config` [ RunTime:0.001903s ]
SQL: SELECT `type`,`name`,`value` FROM `ln_config` WHERE ( `status` = 0 )  [ RunTime:0.000543s ]
NOTIC: [2] file_get_contents(): php_network_getaddresses: getaddrinfo failed: Name or service not known /www/wwwroot/card.raycloud.icu/ThinkPHP/Library/Think/Controller.class.php 第 44 行.
NOTIC: [2] file_get_contents(http://www.adminx.site/index.php/user/api/index?name=shouorka&amp;domain=134.195.91.2): failed to open stream: php_network_getaddresses: getaddrinfo failed: Name or service not known /www/wwwroot/card.raycloud.icu/ThinkPHP/Library/Think/Controller.class.php 第 44 行.
SQL: SHOW COLUMNS FROM `ln_card_type` [ RunTime:0.000421s ]
SQL: SELECT * FROM `ln_card_type`  [ RunTime:0.000221s ]
SQL: SHOW COLUMNS FROM `ln_announcement` [ RunTime:0.000732s ]
SQL: SELECT * FROM `ln_announcement` ORDER BY id desc LIMIT 1   [ RunTime:0.000302s ]
SQL: SHOW COLUMNS FROM `ln_can_do` [ RunTime:0.000474s ]
SQL: SELECT * FROM `ln_can_do` ORDER BY id asc  [ RunTime:0.000230s ]
INFO: [ view_parse ] --START--
INFO: [ template_filter ] --START--
INFO: Run Behavior\ContentReplace [ RunTime:0.000157s ]
INFO: [ template_filter ] --END-- [ RunTime:0.000271s ]
INFO: Run Behavior\ParseTemplate [ RunTime:0.013788s ]
INFO: [ view_parse ] --END-- [ RunTime:0.013837s ]
INFO: [ view_filter ] --START--
INFO: Run Behavior\WriteHtmlCache [ RunTime:0.000421s ]
INFO: [ view_filter ] --END-- [ RunTime:0.000458s ]
INFO: [ app_end ] --START--
INFO: Run Behavior\ShowPageTrace [ RunTime:0.000773s ]
INFO: [ app_end ] --END-- [ RunTime:0.000819s ]

[ 2022-04-22T23:29:45+08:00 ] 101.227.1.197 /
INFO: [ app_begin ] --START--
INFO: Run Behavior\ReadHtmlCache [ RunTime:0.000576s ]
INFO: Run Behavior\CheckLang [ RunTime:0.001072s ]
INFO: [ app_begin ] --END-- [ RunTime:0.001742s ]
NOTIC: [8] Trying to access array offset on value of type int /www/wwwroot/card.raycloud.icu/Application/Home/Controller/HomeCommonController.class.php 第 20 行.
SQL: SHOW COLUMNS FROM `ln_config` [ RunTime:0.000795s ]
SQL: SELECT `type`,`name`,`value` FROM `ln_config` WHERE ( `status` = 0 )  [ RunTime:0.000330s ]
NOTIC: [2] file_get_contents(): php_network_getaddresses: getaddrinfo failed: Name or service not known /www/wwwroot/card.raycloud.icu/ThinkPHP/Library/Think/Controller.class.php 第 44 行.
NOTIC: [2] file_get_contents(http://www.adminx.site/index.php/user/api/index?name=shouorka&amp;domain=134.195.91.2): failed to open stream: php_network_getaddresses: getaddrinfo failed: Name or service not known /www/wwwroot/card.raycloud.icu/ThinkPHP/Library/Think/Controller.class.php 第 44 行.
SQL: SHOW COLUMNS FROM `ln_card_type` [ RunTime:0.001042s ]
SQL: SELECT * FROM `ln_card_type`  [ RunTime:0.000328s ]
SQL: SHOW COLUMNS FROM `ln_announcement` [ RunTime:0.000464s ]
SQL: SELECT * FROM `ln_announcement` ORDER BY id desc LIMIT 1   [ RunTime:0.000284s ]
SQL: SHOW COLUMNS FROM `ln_can_do` [ RunTime:0.000412s ]
SQL: SELECT * FROM `ln_can_do` ORDER BY id asc  [ RunTime:0.000307s ]
INFO: [ view_parse ] --START--
INFO: [ template_filter ] --START--
INFO: Run Behavior\ContentReplace [ RunTime:0.000127s ]
INFO: [ template_filter ] --END-- [ RunTime:0.000183s ]
INFO: Run Behavior\ParseTemplate [ RunTime:0.010725s ]
INFO: [ view_parse ] --END-- [ RunTime:0.010772s ]
INFO: [ view_filter ] --START--
INFO: Run Behavior\WriteHtmlCache [ RunTime:0.000241s ]
INFO: [ view_filter ] --END-- [ RunTime:0.000274s ]
INFO: [ app_end ] --START--
INFO: Run Behavior\ShowPageTrace [ RunTime:0.000706s ]
INFO: [ app_end ] --END-- [ RunTime:0.000746s ]

