[ 2022-04-24T04:11:38+08:00 ] 198.235.24.17 /
INFO: [ app_begin ] --START--
INFO: Run Behavior\ReadHtmlCache [ RunTime:0.000662s ]
INFO: Run Behavior\CheckLang [ RunTime:0.001123s ]
INFO: [ app_begin ] --END-- [ RunTime:0.001983s ]
NOTIC: [8] Trying to access array offset on value of type int /www/wwwroot/card.raycloud.icu/Application/Home/Controller/HomeCommonController.class.php 第 20 行.
SQL: SHOW COLUMNS FROM `ln_config` [ RunTime:0.001703s ]
SQL: SELECT `type`,`name`,`value` FROM `ln_config` WHERE ( `status` = 0 )  [ RunTime:0.000598s ]
NOTIC: [2] file_get_contents(): php_network_getaddresses: getaddrinfo failed: Name or service not known /www/wwwroot/card.raycloud.icu/ThinkPHP/Library/Think/Controller.class.php 第 44 行.
NOTIC: [2] file_get_contents(http://www.adminx.site/index.php/user/api/index?name=shouorka&amp;domain=bookforhim.com): failed to open stream: php_network_getaddresses: getaddrinfo failed: Name or service not known /www/wwwroot/card.raycloud.icu/ThinkPHP/Library/Think/Controller.class.php 第 44 行.
SQL: SHOW COLUMNS FROM `ln_card_type` [ RunTime:0.000476s ]
SQL: SELECT * FROM `ln_card_type`  [ RunTime:0.000298s ]
SQL: SHOW COLUMNS FROM `ln_announcement` [ RunTime:0.000515s ]
SQL: SELECT * FROM `ln_announcement` ORDER BY id desc LIMIT 1   [ RunTime:0.000289s ]
SQL: SHOW COLUMNS FROM `ln_can_do` [ RunTime:0.000420s ]
SQL: SELECT * FROM `ln_can_do` ORDER BY id asc  [ RunTime:0.000258s ]
INFO: [ view_parse ] --START--
INFO: [ template_filter ] --START--
INFO: Run Behavior\ContentReplace [ RunTime:0.000133s ]
INFO: [ template_filter ] --END-- [ RunTime:0.000196s ]
INFO: Run Behavior\ParseTemplate [ RunTime:0.011314s ]
INFO: [ view_parse ] --END-- [ RunTime:0.011357s ]
INFO: [ view_filter ] --START--
INFO: Run Behavior\WriteHtmlCache [ RunTime:0.000285s ]
INFO: [ view_filter ] --END-- [ RunTime:0.000356s ]
INFO: [ app_end ] --START--
INFO: Run Behavior\ShowPageTrace [ RunTime:0.000726s ]
INFO: [ app_end ] --END-- [ RunTime:0.000772s ]

[ 2022-04-24T04:34:24+08:00 ] 205.210.31.155 /
INFO: [ app_begin ] --START--
INFO: Run Behavior\ReadHtmlCache [ RunTime:0.000613s ]
INFO: Run Behavior\CheckLang [ RunTime:0.000930s ]
INFO: [ app_begin ] --END-- [ RunTime:0.001725s ]
NOTIC: [8] Trying to access array offset on value of type int /www/wwwroot/card.raycloud.icu/Application/Home/Controller/HomeCommonController.class.php 第 20 行.
SQL: SHOW COLUMNS FROM `ln_config` [ RunTime:0.001828s ]
SQL: SELECT `type`,`name`,`value` FROM `ln_config` WHERE ( `status` = 0 )  [ RunTime:0.000715s ]
NOTIC: [2] file_get_contents(): php_network_getaddresses: getaddrinfo failed: Name or service not known /www/wwwroot/card.raycloud.icu/ThinkPHP/Library/Think/Controller.class.php 第 44 行.
NOTIC: [2] file_get_contents(http://www.adminx.site/index.php/user/api/index?name=shouorka&amp;domain=bookforhim.com): failed to open stream: php_network_getaddresses: getaddrinfo failed: Name or service not known /www/wwwroot/card.raycloud.icu/ThinkPHP/Library/Think/Controller.class.php 第 44 行.
SQL: SHOW COLUMNS FROM `ln_card_type` [ RunTime:0.000634s ]
SQL: SELECT * FROM `ln_card_type`  [ RunTime:0.000302s ]
SQL: SHOW COLUMNS FROM `ln_announcement` [ RunTime:0.000369s ]
SQL: SELECT * FROM `ln_announcement` ORDER BY id desc LIMIT 1   [ RunTime:0.000328s ]
SQL: SHOW COLUMNS FROM `ln_can_do` [ RunTime:0.000426s ]
SQL: SELECT * FROM `ln_can_do` ORDER BY id asc  [ RunTime:0.000263s ]
INFO: [ view_parse ] --START--
INFO: [ template_filter ] --START--
INFO: Run Behavior\ContentReplace [ RunTime:0.000167s ]
INFO: [ template_filter ] --END-- [ RunTime:0.000263s ]
INFO: Run Behavior\ParseTemplate [ RunTime:0.015828s ]
INFO: [ view_parse ] --END-- [ RunTime:0.015893s ]
INFO: [ view_filter ] --START--
INFO: Run Behavior\WriteHtmlCache [ RunTime:0.000431s ]
INFO: [ view_filter ] --END-- [ RunTime:0.000488s ]
INFO: [ app_end ] --START--
INFO: Run Behavior\ShowPageTrace [ RunTime:0.001087s ]
INFO: [ app_end ] --END-- [ RunTime:0.001153s ]

[ 2022-04-24T04:57:39+08:00 ] 18.206.55.48 /
INFO: [ app_begin ] --START--
INFO: Run Behavior\ReadHtmlCache [ RunTime:0.000763s ]
INFO: Run Behavior\CheckLang [ RunTime:0.001122s ]
INFO: [ app_begin ] --END-- [ RunTime:0.002189s ]
NOTIC: [8] Trying to access array offset on value of type int /www/wwwroot/card.raycloud.icu/Application/Home/Controller/HomeCommonController.class.php 第 20 行.
SQL: SHOW COLUMNS FROM `ln_config` [ RunTime:0.002571s ]
SQL: SELECT `type`,`name`,`value` FROM `ln_config` WHERE ( `status` = 0 )  [ RunTime:0.000787s ]
NOTIC: [2] file_get_contents(): php_network_getaddresses: getaddrinfo failed: Name or service not known /www/wwwroot/card.raycloud.icu/ThinkPHP/Library/Think/Controller.class.php 第 44 行.
NOTIC: [2] file_get_contents(http://www.adminx.site/index.php/user/api/index?name=shouorka&amp;domain=card.raycloud.icu): failed to open stream: php_network_getaddresses: getaddrinfo failed: Name or service not known /www/wwwroot/card.raycloud.icu/ThinkPHP/Library/Think/Controller.class.php 第 44 行.
SQL: SHOW COLUMNS FROM `ln_card_type` [ RunTime:0.001454s ]
SQL: SELECT * FROM `ln_card_type`  [ RunTime:0.000434s ]
SQL: SHOW COLUMNS FROM `ln_announcement` [ RunTime:0.000425s ]
SQL: SELECT * FROM `ln_announcement` ORDER BY id desc LIMIT 1   [ RunTime:0.000367s ]
SQL: SHOW COLUMNS FROM `ln_can_do` [ RunTime:0.000409s ]
SQL: SELECT * FROM `ln_can_do` ORDER BY id asc  [ RunTime:0.000459s ]
INFO: [ view_parse ] --START--
INFO: [ template_filter ] --START--
INFO: Run Behavior\ContentReplace [ RunTime:0.000166s ]
INFO: [ template_filter ] --END-- [ RunTime:0.000291s ]
INFO: Run Behavior\ParseTemplate [ RunTime:0.016935s ]
INFO: [ view_parse ] --END-- [ RunTime:0.017001s ]
INFO: [ view_filter ] --START--
INFO: Run Behavior\WriteHtmlCache [ RunTime:0.000373s ]
INFO: [ view_filter ] --END-- [ RunTime:0.000419s ]
INFO: [ app_end ] --START--
INFO: Run Behavior\ShowPageTrace [ RunTime:0.000719s ]
INFO: [ app_end ] --END-- [ RunTime:0.000761s ]

[ 2022-04-24T04:57:39+08:00 ] 18.206.55.48 /
INFO: [ app_begin ] --START--
INFO: Run Behavior\ReadHtmlCache [ RunTime:0.000936s ]
INFO: Run Behavior\CheckLang [ RunTime:0.001395s ]
INFO: [ app_begin ] --END-- [ RunTime:0.002467s ]
NOTIC: [8] Trying to access array offset on value of type int /www/wwwroot/card.raycloud.icu/Application/Home/Controller/HomeCommonController.class.php 第 20 行.
SQL: SHOW COLUMNS FROM `ln_config` [ RunTime:0.000749s ]
SQL: SELECT `type`,`name`,`value` FROM `ln_config` WHERE ( `status` = 0 )  [ RunTime:0.000375s ]
NOTIC: [2] file_get_contents(): php_network_getaddresses: getaddrinfo failed: Name or service not known /www/wwwroot/card.raycloud.icu/ThinkPHP/Library/Think/Controller.class.php 第 44 行.
NOTIC: [2] file_get_contents(http://www.adminx.site/index.php/user/api/index?name=shouorka&amp;domain=card.raycloud.icu): failed to open stream: php_network_getaddresses: getaddrinfo failed: Name or service not known /www/wwwroot/card.raycloud.icu/ThinkPHP/Library/Think/Controller.class.php 第 44 行.
SQL: SHOW COLUMNS FROM `ln_card_type` [ RunTime:0.000675s ]
SQL: SELECT * FROM `ln_card_type`  [ RunTime:0.000495s ]
SQL: SHOW COLUMNS FROM `ln_announcement` [ RunTime:0.000502s ]
SQL: SELECT * FROM `ln_announcement` ORDER BY id desc LIMIT 1   [ RunTime:0.000288s ]
SQL: SHOW COLUMNS FROM `ln_can_do` [ RunTime:0.000514s ]
SQL: SELECT * FROM `ln_can_do` ORDER BY id asc  [ RunTime:0.000403s ]
INFO: [ view_parse ] --START--
INFO: [ template_filter ] --START--
INFO: Run Behavior\ContentReplace [ RunTime:0.000137s ]
INFO: [ template_filter ] --END-- [ RunTime:0.000229s ]
INFO: Run Behavior\ParseTemplate [ RunTime:0.015556s ]
INFO: [ view_parse ] --END-- [ RunTime:0.015634s ]
INFO: [ view_filter ] --START--
INFO: Run Behavior\WriteHtmlCache [ RunTime:0.000368s ]
INFO: [ view_filter ] --END-- [ RunTime:0.000405s ]
INFO: [ app_end ] --START--
INFO: Run Behavior\ShowPageTrace [ RunTime:0.000792s ]
INFO: [ app_end ] --END-- [ RunTime:0.000840s ]

[ 2022-04-24T04:57:47+08:00 ] 54.227.32.154 /
INFO: [ app_begin ] --START--
INFO: Run Behavior\ReadHtmlCache [ RunTime:0.000543s ]
INFO: Run Behavior\CheckLang [ RunTime:0.000876s ]
INFO: [ app_begin ] --END-- [ RunTime:0.001561s ]
NOTIC: [8] Trying to access array offset on value of type int /www/wwwroot/card.raycloud.icu/Application/Home/Controller/HomeCommonController.class.php 第 20 行.
SQL: SHOW COLUMNS FROM `ln_config` [ RunTime:0.001279s ]
SQL: SELECT `type`,`name`,`value` FROM `ln_config` WHERE ( `status` = 0 )  [ RunTime:0.000503s ]
NOTIC: [2] file_get_contents(): php_network_getaddresses: getaddrinfo failed: Name or service not known /www/wwwroot/card.raycloud.icu/ThinkPHP/Library/Think/Controller.class.php 第 44 行.
NOTIC: [2] file_get_contents(http://www.adminx.site/index.php/user/api/index?name=shouorka&amp;domain=card.raycloud.icu): failed to open stream: php_network_getaddresses: getaddrinfo failed: Name or service not known /www/wwwroot/card.raycloud.icu/ThinkPHP/Library/Think/Controller.class.php 第 44 行.
SQL: SHOW COLUMNS FROM `ln_card_type` [ RunTime:0.000462s ]
SQL: SELECT * FROM `ln_card_type`  [ RunTime:0.000249s ]
SQL: SHOW COLUMNS FROM `ln_announcement` [ RunTime:0.000327s ]
SQL: SELECT * FROM `ln_announcement` ORDER BY id desc LIMIT 1   [ RunTime:0.000290s ]
SQL: SHOW COLUMNS FROM `ln_can_do` [ RunTime:0.000389s ]
SQL: SELECT * FROM `ln_can_do` ORDER BY id asc  [ RunTime:0.000266s ]
INFO: [ view_parse ] --START--
INFO: [ template_filter ] --START--
INFO: Run Behavior\ContentReplace [ RunTime:0.000129s ]
INFO: [ template_filter ] --END-- [ RunTime:0.000193s ]
INFO: Run Behavior\ParseTemplate [ RunTime:0.010795s ]
INFO: [ view_parse ] --END-- [ RunTime:0.010835s ]
INFO: [ view_filter ] --START--
INFO: Run Behavior\WriteHtmlCache [ RunTime:0.000257s ]
INFO: [ view_filter ] --END-- [ RunTime:0.000290s ]
INFO: [ app_end ] --START--
INFO: Run Behavior\ShowPageTrace [ RunTime:0.000694s ]
INFO: [ app_end ] --END-- [ RunTime:0.000733s ]

[ 2022-04-24T04:57:48+08:00 ] 54.227.32.154 /
INFO: [ app_begin ] --START--
INFO: Run Behavior\ReadHtmlCache [ RunTime:0.001023s ]
INFO: Run Behavior\CheckLang [ RunTime:0.001608s ]
INFO: [ app_begin ] --END-- [ RunTime:0.002826s ]
NOTIC: [8] Trying to access array offset on value of type int /www/wwwroot/card.raycloud.icu/Application/Home/Controller/HomeCommonController.class.php 第 20 行.
SQL: SHOW COLUMNS FROM `ln_config` [ RunTime:0.000885s ]
SQL: SELECT `type`,`name`,`value` FROM `ln_config` WHERE ( `status` = 0 )  [ RunTime:0.000526s ]
NOTIC: [2] file_get_contents(): php_network_getaddresses: getaddrinfo failed: Name or service not known /www/wwwroot/card.raycloud.icu/ThinkPHP/Library/Think/Controller.class.php 第 44 行.
NOTIC: [2] file_get_contents(http://www.adminx.site/index.php/user/api/index?name=shouorka&amp;domain=card.raycloud.icu): failed to open stream: php_network_getaddresses: getaddrinfo failed: Name or service not known /www/wwwroot/card.raycloud.icu/ThinkPHP/Library/Think/Controller.class.php 第 44 行.
SQL: SHOW COLUMNS FROM `ln_card_type` [ RunTime:0.001223s ]
SQL: SELECT * FROM `ln_card_type`  [ RunTime:0.000270s ]
SQL: SHOW COLUMNS FROM `ln_announcement` [ RunTime:0.000369s ]
SQL: SELECT * FROM `ln_announcement` ORDER BY id desc LIMIT 1   [ RunTime:0.000260s ]
SQL: SHOW COLUMNS FROM `ln_can_do` [ RunTime:0.000319s ]
SQL: SELECT * FROM `ln_can_do` ORDER BY id asc  [ RunTime:0.000219s ]
INFO: [ view_parse ] --START--
INFO: [ template_filter ] --START--
INFO: Run Behavior\ContentReplace [ RunTime:0.000127s ]
INFO: [ template_filter ] --END-- [ RunTime:0.000193s ]
INFO: Run Behavior\ParseTemplate [ RunTime:0.010602s ]
INFO: [ view_parse ] --END-- [ RunTime:0.010660s ]
INFO: [ view_filter ] --START--
INFO: Run Behavior\WriteHtmlCache [ RunTime:0.000252s ]
INFO: [ view_filter ] --END-- [ RunTime:0.000286s ]
INFO: [ app_end ] --START--
INFO: Run Behavior\ShowPageTrace [ RunTime:0.000769s ]
INFO: [ app_end ] --END-- [ RunTime:0.000813s ]

[ 2022-04-24T05:18:11+08:00 ] 45.155.204.146 /
INFO: [ app_begin ] --START--
INFO: Run Behavior\ReadHtmlCache [ RunTime:0.000572s ]
INFO: Run Behavior\CheckLang [ RunTime:0.000917s ]
INFO: [ app_begin ] --END-- [ RunTime:0.001656s ]
NOTIC: [8] Trying to access array offset on value of type int /www/wwwroot/card.raycloud.icu/Application/Home/Controller/HomeCommonController.class.php 第 20 行.
SQL: SHOW COLUMNS FROM `ln_config` [ RunTime:0.002420s ]
SQL: SELECT `type`,`name`,`value` FROM `ln_config` WHERE ( `status` = 0 )  [ RunTime:0.000655s ]
NOTIC: [2] file_get_contents(): php_network_getaddresses: getaddrinfo failed: Name or service not known /www/wwwroot/card.raycloud.icu/ThinkPHP/Library/Think/Controller.class.php 第 44 行.
NOTIC: [2] file_get_contents(http://www.adminx.site/index.php/user/api/index?name=shouorka&amp;domain=134.195.91.2:443): failed to open stream: php_network_getaddresses: getaddrinfo failed: Name or service not known /www/wwwroot/card.raycloud.icu/ThinkPHP/Library/Think/Controller.class.php 第 44 行.
SQL: SHOW COLUMNS FROM `ln_card_type` [ RunTime:0.000628s ]
SQL: SELECT * FROM `ln_card_type`  [ RunTime:0.000309s ]
SQL: SHOW COLUMNS FROM `ln_announcement` [ RunTime:0.000414s ]
SQL: SELECT * FROM `ln_announcement` ORDER BY id desc LIMIT 1   [ RunTime:0.000328s ]
SQL: SHOW COLUMNS FROM `ln_can_do` [ RunTime:0.000414s ]
SQL: SELECT * FROM `ln_can_do` ORDER BY id asc  [ RunTime:0.000256s ]
INFO: [ view_parse ] --START--
INFO: [ template_filter ] --START--
INFO: Run Behavior\ContentReplace [ RunTime:0.000141s ]
INFO: [ template_filter ] --END-- [ RunTime:0.000235s ]
INFO: Run Behavior\ParseTemplate [ RunTime:0.011913s ]
INFO: [ view_parse ] --END-- [ RunTime:0.011964s ]
INFO: [ view_filter ] --START--
INFO: Run Behavior\WriteHtmlCache [ RunTime:0.000344s ]
INFO: [ view_filter ] --END-- [ RunTime:0.000378s ]
INFO: [ app_end ] --START--
INFO: Run Behavior\ShowPageTrace [ RunTime:0.000742s ]
INFO: [ app_end ] --END-- [ RunTime:0.000787s ]

[ 2022-04-24T05:18:29+08:00 ] 205.210.31.154 /
INFO: [ app_begin ] --START--
INFO: Run Behavior\ReadHtmlCache [ RunTime:0.000652s ]
INFO: Run Behavior\CheckLang [ RunTime:0.000949s ]
INFO: [ app_begin ] --END-- [ RunTime:0.001745s ]
NOTIC: [8] Trying to access array offset on value of type int /www/wwwroot/card.raycloud.icu/Application/Home/Controller/HomeCommonController.class.php 第 20 行.
SQL: SHOW COLUMNS FROM `ln_config` [ RunTime:0.001585s ]
SQL: SELECT `type`,`name`,`value` FROM `ln_config` WHERE ( `status` = 0 )  [ RunTime:0.000548s ]
NOTIC: [2] file_get_contents(): php_network_getaddresses: getaddrinfo failed: Name or service not known /www/wwwroot/card.raycloud.icu/ThinkPHP/Library/Think/Controller.class.php 第 44 行.
NOTIC: [2] file_get_contents(http://www.adminx.site/index.php/user/api/index?name=shouorka&amp;domain=bookforhim.com): failed to open stream: php_network_getaddresses: getaddrinfo failed: Name or service not known /www/wwwroot/card.raycloud.icu/ThinkPHP/Library/Think/Controller.class.php 第 44 行.
SQL: SHOW COLUMNS FROM `ln_card_type` [ RunTime:0.000747s ]
SQL: SELECT * FROM `ln_card_type`  [ RunTime:0.000261s ]
SQL: SHOW COLUMNS FROM `ln_announcement` [ RunTime:0.000361s ]
SQL: SELECT * FROM `ln_announcement` ORDER BY id desc LIMIT 1   [ RunTime:0.000282s ]
SQL: SHOW COLUMNS FROM `ln_can_do` [ RunTime:0.000397s ]
SQL: SELECT * FROM `ln_can_do` ORDER BY id asc  [ RunTime:0.000234s ]
INFO: [ view_parse ] --START--
INFO: [ template_filter ] --START--
INFO: Run Behavior\ContentReplace [ RunTime:0.000134s ]
INFO: [ template_filter ] --END-- [ RunTime:0.000226s ]
INFO: Run Behavior\ParseTemplate [ RunTime:0.011334s ]
INFO: [ view_parse ] --END-- [ RunTime:0.011399s ]
INFO: [ view_filter ] --START--
INFO: Run Behavior\WriteHtmlCache [ RunTime:0.000287s ]
INFO: [ view_filter ] --END-- [ RunTime:0.000326s ]
INFO: [ app_end ] --START--
INFO: Run Behavior\ShowPageTrace [ RunTime:0.000928s ]
INFO: [ app_end ] --END-- [ RunTime:0.000977s ]

[ 2022-04-24T05:25:29+08:00 ] 205.210.31.128 /
INFO: [ app_begin ] --START--
INFO: Run Behavior\ReadHtmlCache [ RunTime:0.000660s ]
INFO: Run Behavior\CheckLang [ RunTime:0.001010s ]
INFO: [ app_begin ] --END-- [ RunTime:0.001859s ]
NOTIC: [8] Trying to access array offset on value of type int /www/wwwroot/card.raycloud.icu/Application/Home/Controller/HomeCommonController.class.php 第 20 行.
SQL: SHOW COLUMNS FROM `ln_config` [ RunTime:0.001895s ]
SQL: SELECT `type`,`name`,`value` FROM `ln_config` WHERE ( `status` = 0 )  [ RunTime:0.000677s ]
NOTIC: [2] file_get_contents(): php_network_getaddresses: getaddrinfo failed: Name or service not known /www/wwwroot/card.raycloud.icu/ThinkPHP/Library/Think/Controller.class.php 第 44 行.
NOTIC: [2] file_get_contents(http://www.adminx.site/index.php/user/api/index?name=shouorka&amp;domain=bookforhim.com): failed to open stream: php_network_getaddresses: getaddrinfo failed: Name or service not known /www/wwwroot/card.raycloud.icu/ThinkPHP/Library/Think/Controller.class.php 第 44 行.
SQL: SHOW COLUMNS FROM `ln_card_type` [ RunTime:0.001068s ]
SQL: SELECT * FROM `ln_card_type`  [ RunTime:0.000367s ]
SQL: SHOW COLUMNS FROM `ln_announcement` [ RunTime:0.000428s ]
SQL: SELECT * FROM `ln_announcement` ORDER BY id desc LIMIT 1   [ RunTime:0.000605s ]
SQL: SHOW COLUMNS FROM `ln_can_do` [ RunTime:0.000464s ]
SQL: SELECT * FROM `ln_can_do` ORDER BY id asc  [ RunTime:0.000273s ]
INFO: [ view_parse ] --START--
INFO: [ template_filter ] --START--
INFO: Run Behavior\ContentReplace [ RunTime:0.000142s ]
INFO: [ template_filter ] --END-- [ RunTime:0.000203s ]
INFO: Run Behavior\ParseTemplate [ RunTime:0.010916s ]
INFO: [ view_parse ] --END-- [ RunTime:0.010965s ]
INFO: [ view_filter ] --START--
INFO: Run Behavior\WriteHtmlCache [ RunTime:0.000254s ]
INFO: [ view_filter ] --END-- [ RunTime:0.000288s ]
INFO: [ app_end ] --START--
INFO: Run Behavior\ShowPageTrace [ RunTime:0.000993s ]
INFO: [ app_end ] --END-- [ RunTime:0.001046s ]

[ 2022-04-24T06:08:12+08:00 ] 154.198.211.137 /
INFO: [ app_begin ] --START--
INFO: Run Behavior\ReadHtmlCache [ RunTime:0.000646s ]
INFO: Run Behavior\CheckLang [ RunTime:0.000956s ]
INFO: [ app_begin ] --END-- [ RunTime:0.001784s ]
NOTIC: [8] Trying to access array offset on value of type int /www/wwwroot/card.raycloud.icu/Application/Home/Controller/HomeCommonController.class.php 第 20 行.
NOTIC: [8] Undefined index: HTTP_USER_AGENT /www/wwwroot/card.raycloud.icu/Application/Home/Controller/HomeCommonController.class.php 第 27 行.
NOTIC: [8] Undefined index: HTTP_USER_AGENT /www/wwwroot/card.raycloud.icu/Application/Home/Common/function.php 第 150 行.
SQL: SHOW COLUMNS FROM `ln_config` [ RunTime:0.001755s ]
SQL: SELECT `type`,`name`,`value` FROM `ln_config` WHERE ( `status` = 0 )  [ RunTime:0.000611s ]
NOTIC: [2] file_get_contents(): php_network_getaddresses: getaddrinfo failed: Name or service not known /www/wwwroot/card.raycloud.icu/ThinkPHP/Library/Think/Controller.class.php 第 44 行.
NOTIC: [2] file_get_contents(http://www.adminx.site/index.php/user/api/index?name=shouorka&amp;domain=134.195.91.2): failed to open stream: php_network_getaddresses: getaddrinfo failed: Name or service not known /www/wwwroot/card.raycloud.icu/ThinkPHP/Library/Think/Controller.class.php 第 44 行.
SQL: SHOW COLUMNS FROM `ln_card_type` [ RunTime:0.000855s ]
SQL: SELECT * FROM `ln_card_type`  [ RunTime:0.000384s ]
SQL: SHOW COLUMNS FROM `ln_announcement` [ RunTime:0.000365s ]
SQL: SELECT * FROM `ln_announcement` ORDER BY id desc LIMIT 1   [ RunTime:0.000292s ]
SQL: SHOW COLUMNS FROM `ln_can_do` [ RunTime:0.000379s ]
SQL: SELECT * FROM `ln_can_do` ORDER BY id asc  [ RunTime:0.000216s ]
INFO: [ view_parse ] --START--
INFO: [ template_filter ] --START--
INFO: Run Behavior\ContentReplace [ RunTime:0.000133s ]
INFO: [ template_filter ] --END-- [ RunTime:0.000205s ]
INFO: Run Behavior\ParseTemplate [ RunTime:0.011570s ]
INFO: [ view_parse ] --END-- [ RunTime:0.011634s ]
INFO: [ view_filter ] --START--
INFO: Run Behavior\WriteHtmlCache [ RunTime:0.000333s ]
INFO: [ view_filter ] --END-- [ RunTime:0.000374s ]
INFO: [ app_end ] --START--
INFO: Run Behavior\ShowPageTrace [ RunTime:0.000750s ]
INFO: [ app_end ] --END-- [ RunTime:0.000795s ]

[ 2022-04-24T06:08:59+08:00 ] 154.198.211.137 /index.php/Home/Login/qq
INFO: [ app_begin ] --START--
INFO: Run Behavior\ReadHtmlCache [ RunTime:0.000722s ]
INFO: Run Behavior\CheckLang [ RunTime:0.001081s ]
INFO: [ app_begin ] --END-- [ RunTime:0.001951s ]
NOTIC: [8] Trying to access array offset on value of type int /www/wwwroot/card.raycloud.icu/Application/Home/Controller/HomeCommonController.class.php 第 20 行.
SQL: SHOW COLUMNS FROM `ln_config` [ RunTime:0.001130s ]
SQL: SELECT `type`,`name`,`value` FROM `ln_config` WHERE ( `status` = 0 )  [ RunTime:0.000384s ]
NOTIC: [2] file_get_contents(): php_network_getaddresses: getaddrinfo failed: Name or service not known /www/wwwroot/card.raycloud.icu/ThinkPHP/Library/Think/Controller.class.php 第 44 行.
NOTIC: [2] file_get_contents(http://www.adminx.site/index.php/user/api/index?name=shouorka&amp;domain=134.195.91.2): failed to open stream: php_network_getaddresses: getaddrinfo failed: Name or service not known /www/wwwroot/card.raycloud.icu/ThinkPHP/Library/Think/Controller.class.php 第 44 行.

[ 2022-04-24T06:09:00+08:00 ] 154.198.211.137 /Home/Index/index
INFO: [ app_begin ] --START--
INFO: Run Behavior\ReadHtmlCache [ RunTime:0.000624s ]
INFO: Run Behavior\CheckLang [ RunTime:0.000977s ]
INFO: [ app_begin ] --END-- [ RunTime:0.001716s ]
NOTIC: [8] Trying to access array offset on value of type int /www/wwwroot/card.raycloud.icu/Application/Home/Controller/HomeCommonController.class.php 第 20 行.
SQL: SHOW COLUMNS FROM `ln_config` [ RunTime:0.000654s ]
SQL: SELECT `type`,`name`,`value` FROM `ln_config` WHERE ( `status` = 0 )  [ RunTime:0.000465s ]
NOTIC: [2] file_get_contents(): php_network_getaddresses: getaddrinfo failed: Name or service not known /www/wwwroot/card.raycloud.icu/ThinkPHP/Library/Think/Controller.class.php 第 44 行.
NOTIC: [2] file_get_contents(http://www.adminx.site/index.php/user/api/index?name=shouorka&amp;domain=134.195.91.2): failed to open stream: php_network_getaddresses: getaddrinfo failed: Name or service not known /www/wwwroot/card.raycloud.icu/ThinkPHP/Library/Think/Controller.class.php 第 44 行.
SQL: SHOW COLUMNS FROM `ln_card_type` [ RunTime:0.000569s ]
SQL: SELECT * FROM `ln_card_type`  [ RunTime:0.000296s ]
SQL: SHOW COLUMNS FROM `ln_announcement` [ RunTime:0.001120s ]
SQL: SELECT * FROM `ln_announcement` ORDER BY id desc LIMIT 1   [ RunTime:0.000374s ]
SQL: SHOW COLUMNS FROM `ln_can_do` [ RunTime:0.000375s ]
SQL: SELECT * FROM `ln_can_do` ORDER BY id asc  [ RunTime:0.000213s ]
INFO: [ view_parse ] --START--
INFO: [ template_filter ] --START--
INFO: Run Behavior\ContentReplace [ RunTime:0.000128s ]
INFO: [ template_filter ] --END-- [ RunTime:0.000188s ]
INFO: Run Behavior\ParseTemplate [ RunTime:0.010633s ]
INFO: [ view_parse ] --END-- [ RunTime:0.010676s ]
INFO: [ view_filter ] --START--
INFO: Run Behavior\WriteHtmlCache [ RunTime:0.000263s ]
INFO: [ view_filter ] --END-- [ RunTime:0.000305s ]
INFO: [ app_end ] --START--
INFO: Run Behavior\ShowPageTrace [ RunTime:0.000634s ]
INFO: [ app_end ] --END-- [ RunTime:0.000674s ]

[ 2022-04-24T08:48:37+08:00 ] 45.155.204.146 /?XDEBUG_SESSION_START=phpstorm
INFO: [ app_begin ] --START--
INFO: Run Behavior\ReadHtmlCache [ RunTime:0.000549s ]
INFO: Run Behavior\CheckLang [ RunTime:0.000863s ]
INFO: [ app_begin ] --END-- [ RunTime:0.001562s ]
NOTIC: [8] Trying to access array offset on value of type int /www/wwwroot/card.raycloud.icu/Application/Home/Controller/HomeCommonController.class.php 第 20 行.
SQL: SHOW COLUMNS FROM `ln_config` [ RunTime:0.001583s ]
SQL: SELECT `type`,`name`,`value` FROM `ln_config` WHERE ( `status` = 0 )  [ RunTime:0.000553s ]
NOTIC: [2] file_get_contents(): php_network_getaddresses: getaddrinfo failed: Name or service not known /www/wwwroot/card.raycloud.icu/ThinkPHP/Library/Think/Controller.class.php 第 44 行.
NOTIC: [2] file_get_contents(http://www.adminx.site/index.php/user/api/index?name=shouorka&amp;domain=134.195.91.2:443): failed to open stream: php_network_getaddresses: getaddrinfo failed: Name or service not known /www/wwwroot/card.raycloud.icu/ThinkPHP/Library/Think/Controller.class.php 第 44 行.
SQL: SHOW COLUMNS FROM `ln_card_type` [ RunTime:0.000631s ]
SQL: SELECT * FROM `ln_card_type`  [ RunTime:0.000238s ]
SQL: SHOW COLUMNS FROM `ln_announcement` [ RunTime:0.000401s ]
SQL: SELECT * FROM `ln_announcement` ORDER BY id desc LIMIT 1   [ RunTime:0.000331s ]
SQL: SHOW COLUMNS FROM `ln_can_do` [ RunTime:0.000447s ]
SQL: SELECT * FROM `ln_can_do` ORDER BY id asc  [ RunTime:0.000288s ]
INFO: [ view_parse ] --START--
INFO: [ template_filter ] --START--
INFO: Run Behavior\ContentReplace [ RunTime:0.000123s ]
INFO: [ template_filter ] --END-- [ RunTime:0.000165s ]
INFO: Run Behavior\ParseTemplate [ RunTime:0.012004s ]
INFO: [ view_parse ] --END-- [ RunTime:0.012057s ]
INFO: [ view_filter ] --START--
INFO: Run Behavior\WriteHtmlCache [ RunTime:0.000404s ]
INFO: [ view_filter ] --END-- [ RunTime:0.000459s ]
INFO: [ app_end ] --START--
INFO: Run Behavior\ShowPageTrace [ RunTime:0.000781s ]
INFO: [ app_end ] --END-- [ RunTime:0.000832s ]

[ 2022-04-24T10:57:34+08:00 ] 205.210.31.16 /
INFO: [ app_begin ] --START--
INFO: Run Behavior\ReadHtmlCache [ RunTime:0.000655s ]
INFO: Run Behavior\CheckLang [ RunTime:0.000903s ]
INFO: [ app_begin ] --END-- [ RunTime:0.001743s ]
NOTIC: [8] Trying to access array offset on value of type int /www/wwwroot/card.raycloud.icu/Application/Home/Controller/HomeCommonController.class.php 第 20 行.
SQL: SHOW COLUMNS FROM `ln_config` [ RunTime:0.001804s ]
SQL: SELECT `type`,`name`,`value` FROM `ln_config` WHERE ( `status` = 0 )  [ RunTime:0.000594s ]
NOTIC: [2] file_get_contents(): php_network_getaddresses: getaddrinfo failed: Name or service not known /www/wwwroot/card.raycloud.icu/ThinkPHP/Library/Think/Controller.class.php 第 44 行.
NOTIC: [2] file_get_contents(http://www.adminx.site/index.php/user/api/index?name=shouorka&amp;domain=bookforhim.com): failed to open stream: php_network_getaddresses: getaddrinfo failed: Name or service not known /www/wwwroot/card.raycloud.icu/ThinkPHP/Library/Think/Controller.class.php 第 44 行.
SQL: SHOW COLUMNS FROM `ln_card_type` [ RunTime:0.000757s ]
SQL: SELECT * FROM `ln_card_type`  [ RunTime:0.000360s ]
SQL: SHOW COLUMNS FROM `ln_announcement` [ RunTime:0.000350s ]
SQL: SELECT * FROM `ln_announcement` ORDER BY id desc LIMIT 1   [ RunTime:0.000312s ]
SQL: SHOW COLUMNS FROM `ln_can_do` [ RunTime:0.000386s ]
SQL: SELECT * FROM `ln_can_do` ORDER BY id asc  [ RunTime:0.000226s ]
INFO: [ view_parse ] --START--
INFO: [ template_filter ] --START--
INFO: Run Behavior\ContentReplace [ RunTime:0.000136s ]
INFO: [ template_filter ] --END-- [ RunTime:0.000232s ]
INFO: Run Behavior\ParseTemplate [ RunTime:0.012193s ]
INFO: [ view_parse ] --END-- [ RunTime:0.012250s ]
INFO: [ view_filter ] --START--
INFO: Run Behavior\WriteHtmlCache [ RunTime:0.000305s ]
INFO: [ view_filter ] --END-- [ RunTime:0.000422s ]
INFO: [ app_end ] --START--
INFO: Run Behavior\ShowPageTrace [ RunTime:0.000726s ]
INFO: [ app_end ] --END-- [ RunTime:0.000769s ]

[ 2022-04-24T12:53:57+08:00 ] 45.155.204.146 /
INFO: [ app_begin ] --START--
INFO: Run Behavior\ReadHtmlCache [ RunTime:0.000583s ]
INFO: Run Behavior\CheckLang [ RunTime:0.000914s ]
INFO: [ app_begin ] --END-- [ RunTime:0.001654s ]
NOTIC: [8] Trying to access array offset on value of type int /www/wwwroot/card.raycloud.icu/Application/Home/Controller/HomeCommonController.class.php 第 20 行.
SQL: SHOW COLUMNS FROM `ln_config` [ RunTime:0.002000s ]
SQL: SELECT `type`,`name`,`value` FROM `ln_config` WHERE ( `status` = 0 )  [ RunTime:0.000581s ]
NOTIC: [2] file_get_contents(): php_network_getaddresses: getaddrinfo failed: Name or service not known /www/wwwroot/card.raycloud.icu/ThinkPHP/Library/Think/Controller.class.php 第 44 行.
NOTIC: [2] file_get_contents(http://www.adminx.site/index.php/user/api/index?name=shouorka&amp;domain=134.195.91.2:443): failed to open stream: php_network_getaddresses: getaddrinfo failed: Name or service not known /www/wwwroot/card.raycloud.icu/ThinkPHP/Library/Think/Controller.class.php 第 44 行.
SQL: SHOW COLUMNS FROM `ln_card_type` [ RunTime:0.000598s ]
SQL: SELECT * FROM `ln_card_type`  [ RunTime:0.000322s ]
SQL: SHOW COLUMNS FROM `ln_announcement` [ RunTime:0.000521s ]
SQL: SELECT * FROM `ln_announcement` ORDER BY id desc LIMIT 1   [ RunTime:0.000324s ]
SQL: SHOW COLUMNS FROM `ln_can_do` [ RunTime:0.000486s ]
SQL: SELECT * FROM `ln_can_do` ORDER BY id asc  [ RunTime:0.000267s ]
INFO: [ view_parse ] --START--
INFO: [ template_filter ] --START--
INFO: Run Behavior\ContentReplace [ RunTime:0.000139s ]
INFO: [ template_filter ] --END-- [ RunTime:0.000208s ]
INFO: Run Behavior\ParseTemplate [ RunTime:0.015168s ]
INFO: [ view_parse ] --END-- [ RunTime:0.015226s ]
INFO: [ view_filter ] --START--
INFO: Run Behavior\WriteHtmlCache [ RunTime:0.000298s ]
INFO: [ view_filter ] --END-- [ RunTime:0.000332s ]
INFO: [ app_end ] --START--
INFO: Run Behavior\ShowPageTrace [ RunTime:0.000632s ]
INFO: [ app_end ] --END-- [ RunTime:0.000688s ]

[ 2022-04-24T13:37:55+08:00 ] 45.155.204.146 /
INFO: [ app_begin ] --START--
INFO: Run Behavior\ReadHtmlCache [ RunTime:0.000937s ]
INFO: Run Behavior\CheckLang [ RunTime:0.001274s ]
INFO: [ app_begin ] --END-- [ RunTime:0.002496s ]
NOTIC: [8] Trying to access array offset on value of type int /www/wwwroot/card.raycloud.icu/Application/Home/Controller/HomeCommonController.class.php 第 20 行.
SQL: SHOW COLUMNS FROM `ln_config` [ RunTime:0.002032s ]
SQL: SELECT `type`,`name`,`value` FROM `ln_config` WHERE ( `status` = 0 )  [ RunTime:0.000873s ]
NOTIC: [2] file_get_contents(): php_network_getaddresses: getaddrinfo failed: Name or service not known /www/wwwroot/card.raycloud.icu/ThinkPHP/Library/Think/Controller.class.php 第 44 行.
NOTIC: [2] file_get_contents(http://www.adminx.site/index.php/user/api/index?name=shouorka&amp;domain=134.195.91.2:443): failed to open stream: php_network_getaddresses: getaddrinfo failed: Name or service not known /www/wwwroot/card.raycloud.icu/ThinkPHP/Library/Think/Controller.class.php 第 44 行.
SQL: SHOW COLUMNS FROM `ln_card_type` [ RunTime:0.002331s ]
SQL: SELECT * FROM `ln_card_type`  [ RunTime:0.000343s ]
SQL: SHOW COLUMNS FROM `ln_announcement` [ RunTime:0.000495s ]
SQL: SELECT * FROM `ln_announcement` ORDER BY id desc LIMIT 1   [ RunTime:0.000613s ]
SQL: SHOW COLUMNS FROM `ln_can_do` [ RunTime:0.000450s ]
SQL: SELECT * FROM `ln_can_do` ORDER BY id asc  [ RunTime:0.000349s ]
INFO: [ view_parse ] --START--
INFO: [ template_filter ] --START--
INFO: Run Behavior\ContentReplace [ RunTime:0.000134s ]
INFO: [ template_filter ] --END-- [ RunTime:0.000225s ]
INFO: Run Behavior\ParseTemplate [ RunTime:0.014635s ]
INFO: [ view_parse ] --END-- [ RunTime:0.014730s ]
INFO: [ view_filter ] --START--
INFO: Run Behavior\WriteHtmlCache [ RunTime:0.000460s ]
INFO: [ view_filter ] --END-- [ RunTime:0.000516s ]
INFO: [ app_end ] --START--
INFO: Run Behavior\ShowPageTrace [ RunTime:0.001163s ]
INFO: [ app_end ] --END-- [ RunTime:0.001268s ]

[ 2022-04-24T15:28:35+08:00 ] 167.94.138.47 /
INFO: [ app_begin ] --START--
INFO: Run Behavior\ReadHtmlCache [ RunTime:0.000736s ]
INFO: Run Behavior\CheckLang [ RunTime:0.001104s ]
INFO: [ app_begin ] --END-- [ RunTime:0.002067s ]
NOTIC: [8] Trying to access array offset on value of type int /www/wwwroot/card.raycloud.icu/Application/Home/Controller/HomeCommonController.class.php 第 20 行.
NOTIC: [8] Undefined index: HTTP_USER_AGENT /www/wwwroot/card.raycloud.icu/Application/Home/Controller/HomeCommonController.class.php 第 27 行.
NOTIC: [8] Undefined index: HTTP_USER_AGENT /www/wwwroot/card.raycloud.icu/Application/Home/Common/function.php 第 150 行.
SQL: SHOW COLUMNS FROM `ln_config` [ RunTime:0.002040s ]
SQL: SELECT `type`,`name`,`value` FROM `ln_config` WHERE ( `status` = 0 )  [ RunTime:0.000817s ]
NOTIC: [2] file_get_contents(): php_network_getaddresses: getaddrinfo failed: Name or service not known /www/wwwroot/card.raycloud.icu/ThinkPHP/Library/Think/Controller.class.php 第 44 行.
NOTIC: [2] file_get_contents(http://www.adminx.site/index.php/user/api/index?name=shouorka&amp;domain=134.195.91.2:443): failed to open stream: php_network_getaddresses: getaddrinfo failed: Name or service not known /www/wwwroot/card.raycloud.icu/ThinkPHP/Library/Think/Controller.class.php 第 44 行.
SQL: SHOW COLUMNS FROM `ln_card_type` [ RunTime:0.001183s ]
SQL: SELECT * FROM `ln_card_type`  [ RunTime:0.000431s ]
SQL: SHOW COLUMNS FROM `ln_announcement` [ RunTime:0.000464s ]
SQL: SELECT * FROM `ln_announcement` ORDER BY id desc LIMIT 1   [ RunTime:0.000334s ]
SQL: SHOW COLUMNS FROM `ln_can_do` [ RunTime:0.000438s ]
SQL: SELECT * FROM `ln_can_do` ORDER BY id asc  [ RunTime:0.000255s ]
INFO: [ view_parse ] --START--
INFO: [ template_filter ] --START--
INFO: Run Behavior\ContentReplace [ RunTime:0.000138s ]
INFO: [ template_filter ] --END-- [ RunTime:0.000229s ]
INFO: Run Behavior\ParseTemplate [ RunTime:0.020654s ]
INFO: [ view_parse ] --END-- [ RunTime:0.020741s ]
INFO: [ view_filter ] --START--
INFO: Run Behavior\WriteHtmlCache [ RunTime:0.000361s ]
INFO: [ view_filter ] --END-- [ RunTime:0.000403s ]
INFO: [ app_end ] --START--
INFO: Run Behavior\ShowPageTrace [ RunTime:0.000689s ]
INFO: [ app_end ] --END-- [ RunTime:0.000734s ]

[ 2022-04-24T15:28:36+08:00 ] 167.94.138.47 /
INFO: [ app_begin ] --START--
INFO: Run Behavior\ReadHtmlCache [ RunTime:0.000620s ]
INFO: Run Behavior\CheckLang [ RunTime:0.000883s ]
INFO: [ app_begin ] --END-- [ RunTime:0.001606s ]
NOTIC: [8] Trying to access array offset on value of type int /www/wwwroot/card.raycloud.icu/Application/Home/Controller/HomeCommonController.class.php 第 20 行.
SQL: SHOW COLUMNS FROM `ln_config` [ RunTime:0.000654s ]
SQL: SELECT `type`,`name`,`value` FROM `ln_config` WHERE ( `status` = 0 )  [ RunTime:0.000386s ]
NOTIC: [2] file_get_contents(): php_network_getaddresses: getaddrinfo failed: Name or service not known /www/wwwroot/card.raycloud.icu/ThinkPHP/Library/Think/Controller.class.php 第 44 行.
NOTIC: [2] file_get_contents(http://www.adminx.site/index.php/user/api/index?name=shouorka&amp;domain=134.195.91.2): failed to open stream: php_network_getaddresses: getaddrinfo failed: Name or service not known /www/wwwroot/card.raycloud.icu/ThinkPHP/Library/Think/Controller.class.php 第 44 行.
SQL: SHOW COLUMNS FROM `ln_card_type` [ RunTime:0.000727s ]
SQL: SELECT * FROM `ln_card_type`  [ RunTime:0.000255s ]
SQL: SHOW COLUMNS FROM `ln_announcement` [ RunTime:0.000316s ]
SQL: SELECT * FROM `ln_announcement` ORDER BY id desc LIMIT 1   [ RunTime:0.000248s ]
SQL: SHOW COLUMNS FROM `ln_can_do` [ RunTime:0.000365s ]
SQL: SELECT * FROM `ln_can_do` ORDER BY id asc  [ RunTime:0.000209s ]
INFO: [ view_parse ] --START--
INFO: [ template_filter ] --START--
INFO: Run Behavior\ContentReplace [ RunTime:0.000130s ]
INFO: [ template_filter ] --END-- [ RunTime:0.000202s ]
INFO: Run Behavior\ParseTemplate [ RunTime:0.010692s ]
INFO: [ view_parse ] --END-- [ RunTime:0.010736s ]
INFO: [ view_filter ] --START--
INFO: Run Behavior\WriteHtmlCache [ RunTime:0.000256s ]
INFO: [ view_filter ] --END-- [ RunTime:0.000300s ]
INFO: [ app_end ] --START--
INFO: Run Behavior\ShowPageTrace [ RunTime:0.000769s ]
INFO: [ app_end ] --END-- [ RunTime:0.000809s ]

[ 2022-04-24T15:37:17+08:00 ] 45.155.204.146 /
INFO: [ app_begin ] --START--
INFO: Run Behavior\ReadHtmlCache [ RunTime:0.001019s ]
INFO: Run Behavior\CheckLang [ RunTime:0.002451s ]
INFO: [ app_begin ] --END-- [ RunTime:0.003766s ]
NOTIC: [8] Trying to access array offset on value of type int /www/wwwroot/card.raycloud.icu/Application/Home/Controller/HomeCommonController.class.php 第 20 行.
SQL: SHOW COLUMNS FROM `ln_config` [ RunTime:0.002494s ]
SQL: SELECT `type`,`name`,`value` FROM `ln_config` WHERE ( `status` = 0 )  [ RunTime:0.000680s ]
NOTIC: [2] file_get_contents(): php_network_getaddresses: getaddrinfo failed: Name or service not known /www/wwwroot/card.raycloud.icu/ThinkPHP/Library/Think/Controller.class.php 第 44 行.
NOTIC: [2] file_get_contents(http://www.adminx.site/index.php/user/api/index?name=shouorka&amp;domain=134.195.91.2:443): failed to open stream: php_network_getaddresses: getaddrinfo failed: Name or service not known /www/wwwroot/card.raycloud.icu/ThinkPHP/Library/Think/Controller.class.php 第 44 行.
SQL: SHOW COLUMNS FROM `ln_card_type` [ RunTime:0.000816s ]
SQL: SELECT * FROM `ln_card_type`  [ RunTime:0.000336s ]
SQL: SHOW COLUMNS FROM `ln_announcement` [ RunTime:0.000431s ]
SQL: SELECT * FROM `ln_announcement` ORDER BY id desc LIMIT 1   [ RunTime:0.000450s ]
SQL: SHOW COLUMNS FROM `ln_can_do` [ RunTime:0.000390s ]
SQL: SELECT * FROM `ln_can_do` ORDER BY id asc  [ RunTime:0.000327s ]
INFO: [ view_parse ] --START--
INFO: [ template_filter ] --START--
INFO: Run Behavior\ContentReplace [ RunTime:0.000134s ]
INFO: [ template_filter ] --END-- [ RunTime:0.000219s ]
INFO: Run Behavior\ParseTemplate [ RunTime:0.011781s ]
INFO: [ view_parse ] --END-- [ RunTime:0.011831s ]
INFO: [ view_filter ] --START--
INFO: Run Behavior\WriteHtmlCache [ RunTime:0.000308s ]
INFO: [ view_filter ] --END-- [ RunTime:0.000352s ]
INFO: [ app_end ] --START--
INFO: Run Behavior\ShowPageTrace [ RunTime:0.000663s ]
INFO: [ app_end ] --END-- [ RunTime:0.000709s ]

[ 2022-04-24T15:52:56+08:00 ] 51.222.253.7 /
INFO: [ app_begin ] --START--
INFO: Run Behavior\ReadHtmlCache [ RunTime:0.000901s ]
INFO: Run Behavior\CheckLang [ RunTime:0.001205s ]
INFO: [ app_begin ] --END-- [ RunTime:0.002447s ]
NOTIC: [8] Trying to access array offset on value of type int /www/wwwroot/card.raycloud.icu/Application/Home/Controller/HomeCommonController.class.php 第 20 行.
SQL: SHOW COLUMNS FROM `ln_config` [ RunTime:0.000946s ]
SQL: SELECT `type`,`name`,`value` FROM `ln_config` WHERE ( `status` = 0 )  [ RunTime:0.000363s ]
NOTIC: [2] file_get_contents(): php_network_getaddresses: getaddrinfo failed: Name or service not known /www/wwwroot/card.raycloud.icu/ThinkPHP/Library/Think/Controller.class.php 第 44 行.
NOTIC: [2] file_get_contents(http://www.adminx.site/index.php/user/api/index?name=shouorka&amp;domain=bookforhim.com): failed to open stream: php_network_getaddresses: getaddrinfo failed: Name or service not known /www/wwwroot/card.raycloud.icu/ThinkPHP/Library/Think/Controller.class.php 第 44 行.
SQL: SHOW COLUMNS FROM `ln_card_type` [ RunTime:0.000737s ]
SQL: SELECT * FROM `ln_card_type`  [ RunTime:0.000269s ]
SQL: SHOW COLUMNS FROM `ln_announcement` [ RunTime:0.000419s ]
SQL: SELECT * FROM `ln_announcement` ORDER BY id desc LIMIT 1   [ RunTime:0.000258s ]
SQL: SHOW COLUMNS FROM `ln_can_do` [ RunTime:0.000431s ]
SQL: SELECT * FROM `ln_can_do` ORDER BY id asc  [ RunTime:0.000222s ]
INFO: [ view_parse ] --START--
INFO: [ template_filter ] --START--
INFO: Run Behavior\ContentReplace [ RunTime:0.000156s ]
INFO: [ template_filter ] --END-- [ RunTime:0.000242s ]
INFO: Run Behavior\ParseTemplate [ RunTime:0.015558s ]
INFO: [ view_parse ] --END-- [ RunTime:0.015625s ]
INFO: [ view_filter ] --START--
INFO: Run Behavior\WriteHtmlCache [ RunTime:0.000268s ]
INFO: [ view_filter ] --END-- [ RunTime:0.000302s ]
INFO: [ app_end ] --START--
INFO: Run Behavior\ShowPageTrace [ RunTime:0.000787s ]
INFO: [ app_end ] --END-- [ RunTime:0.000848s ]

[ 2022-04-24T17:00:43+08:00 ] 209.222.252.91 /
INFO: [ app_begin ] --START--
INFO: Run Behavior\ReadHtmlCache [ RunTime:0.000635s ]
INFO: Run Behavior\CheckLang [ RunTime:0.000900s ]
INFO: [ app_begin ] --END-- [ RunTime:0.001709s ]
NOTIC: [8] Trying to access array offset on value of type int /www/wwwroot/card.raycloud.icu/Application/Home/Controller/HomeCommonController.class.php 第 20 行.
SQL: SHOW COLUMNS FROM `ln_config` [ RunTime:0.001864s ]
SQL: SELECT `type`,`name`,`value` FROM `ln_config` WHERE ( `status` = 0 )  [ RunTime:0.000636s ]
NOTIC: [2] file_get_contents(): php_network_getaddresses: getaddrinfo failed: Name or service not known /www/wwwroot/card.raycloud.icu/ThinkPHP/Library/Think/Controller.class.php 第 44 行.
NOTIC: [2] file_get_contents(http://www.adminx.site/index.php/user/api/index?name=shouorka&amp;domain=134.195.91.2): failed to open stream: php_network_getaddresses: getaddrinfo failed: Name or service not known /www/wwwroot/card.raycloud.icu/ThinkPHP/Library/Think/Controller.class.php 第 44 行.
SQL: SHOW COLUMNS FROM `ln_card_type` [ RunTime:0.000714s ]
SQL: SELECT * FROM `ln_card_type`  [ RunTime:0.000303s ]
SQL: SHOW COLUMNS FROM `ln_announcement` [ RunTime:0.000499s ]
SQL: SELECT * FROM `ln_announcement` ORDER BY id desc LIMIT 1   [ RunTime:0.000401s ]
SQL: SHOW COLUMNS FROM `ln_can_do` [ RunTime:0.000502s ]
SQL: SELECT * FROM `ln_can_do` ORDER BY id asc  [ RunTime:0.000280s ]
INFO: [ view_parse ] --START--
INFO: [ template_filter ] --START--
INFO: Run Behavior\ContentReplace [ RunTime:0.000128s ]
INFO: [ template_filter ] --END-- [ RunTime:0.000251s ]
INFO: Run Behavior\ParseTemplate [ RunTime:0.011243s ]
INFO: [ view_parse ] --END-- [ RunTime:0.011302s ]
INFO: [ view_filter ] --START--
INFO: Run Behavior\WriteHtmlCache [ RunTime:0.000406s ]
INFO: [ view_filter ] --END-- [ RunTime:0.000453s ]
INFO: [ app_end ] --START--
INFO: Run Behavior\ShowPageTrace [ RunTime:0.000872s ]
INFO: [ app_end ] --END-- [ RunTime:0.000932s ]

[ 2022-04-24T20:04:28+08:00 ] 35.233.13.177 /
INFO: [ app_begin ] --START--
INFO: Run Behavior\ReadHtmlCache [ RunTime:0.000585s ]
INFO: Run Behavior\CheckLang [ RunTime:0.000939s ]
INFO: [ app_begin ] --END-- [ RunTime:0.001688s ]
NOTIC: [8] Trying to access array offset on value of type int /www/wwwroot/card.raycloud.icu/Application/Home/Controller/HomeCommonController.class.php 第 20 行.
SQL: SHOW COLUMNS FROM `ln_config` [ RunTime:0.001995s ]
SQL: SELECT `type`,`name`,`value` FROM `ln_config` WHERE ( `status` = 0 )  [ RunTime:0.000620s ]
NOTIC: [2] file_get_contents(): php_network_getaddresses: getaddrinfo failed: Name or service not known /www/wwwroot/card.raycloud.icu/ThinkPHP/Library/Think/Controller.class.php 第 44 行.
NOTIC: [2] file_get_contents(http://www.adminx.site/index.php/user/api/index?name=shouorka&amp;domain=134.195.91.2): failed to open stream: php_network_getaddresses: getaddrinfo failed: Name or service not known /www/wwwroot/card.raycloud.icu/ThinkPHP/Library/Think/Controller.class.php 第 44 行.
SQL: SHOW COLUMNS FROM `ln_card_type` [ RunTime:0.001095s ]
SQL: SELECT * FROM `ln_card_type`  [ RunTime:0.000280s ]
SQL: SHOW COLUMNS FROM `ln_announcement` [ RunTime:0.000421s ]
SQL: SELECT * FROM `ln_announcement` ORDER BY id desc LIMIT 1   [ RunTime:0.000310s ]
SQL: SHOW COLUMNS FROM `ln_can_do` [ RunTime:0.000382s ]
SQL: SELECT * FROM `ln_can_do` ORDER BY id asc  [ RunTime:0.000253s ]
INFO: [ view_parse ] --START--
INFO: [ template_filter ] --START--
INFO: Run Behavior\ContentReplace [ RunTime:0.000127s ]
INFO: [ template_filter ] --END-- [ RunTime:0.000200s ]
INFO: Run Behavior\ParseTemplate [ RunTime:0.010629s ]
INFO: [ view_parse ] --END-- [ RunTime:0.010674s ]
INFO: [ view_filter ] --START--
INFO: Run Behavior\WriteHtmlCache [ RunTime:0.000300s ]
INFO: [ view_filter ] --END-- [ RunTime:0.000339s ]
INFO: [ app_end ] --START--
INFO: Run Behavior\ShowPageTrace [ RunTime:0.000834s ]
INFO: [ app_end ] --END-- [ RunTime:0.000902s ]

[ 2022-04-24T20:37:29+08:00 ] 34.140.248.32 /
INFO: [ app_begin ] --START--
INFO: Run Behavior\ReadHtmlCache [ RunTime:0.000642s ]
INFO: Run Behavior\CheckLang [ RunTime:0.000946s ]
INFO: [ app_begin ] --END-- [ RunTime:0.001755s ]
NOTIC: [8] Trying to access array offset on value of type int /www/wwwroot/card.raycloud.icu/Application/Home/Controller/HomeCommonController.class.php 第 20 行.
SQL: SHOW COLUMNS FROM `ln_config` [ RunTime:0.002769s ]
SQL: SELECT `type`,`name`,`value` FROM `ln_config` WHERE ( `status` = 0 )  [ RunTime:0.001245s ]
NOTIC: [2] file_get_contents(): php_network_getaddresses: getaddrinfo failed: Name or service not known /www/wwwroot/card.raycloud.icu/ThinkPHP/Library/Think/Controller.class.php 第 44 行.
NOTIC: [2] file_get_contents(http://www.adminx.site/index.php/user/api/index?name=shouorka&amp;domain=134.195.91.2): failed to open stream: php_network_getaddresses: getaddrinfo failed: Name or service not known /www/wwwroot/card.raycloud.icu/ThinkPHP/Library/Think/Controller.class.php 第 44 行.
SQL: SHOW COLUMNS FROM `ln_card_type` [ RunTime:0.000924s ]
SQL: SELECT * FROM `ln_card_type`  [ RunTime:0.000301s ]
SQL: SHOW COLUMNS FROM `ln_announcement` [ RunTime:0.000364s ]
SQL: SELECT * FROM `ln_announcement` ORDER BY id desc LIMIT 1   [ RunTime:0.000412s ]
SQL: SHOW COLUMNS FROM `ln_can_do` [ RunTime:0.000397s ]
SQL: SELECT * FROM `ln_can_do` ORDER BY id asc  [ RunTime:0.000285s ]
INFO: [ view_parse ] --START--
INFO: [ template_filter ] --START--
INFO: Run Behavior\ContentReplace [ RunTime:0.000157s ]
INFO: [ template_filter ] --END-- [ RunTime:0.000250s ]
INFO: Run Behavior\ParseTemplate [ RunTime:0.013429s ]
INFO: [ view_parse ] --END-- [ RunTime:0.013493s ]
INFO: [ view_filter ] --START--
INFO: Run Behavior\WriteHtmlCache [ RunTime:0.000350s ]
INFO: [ view_filter ] --END-- [ RunTime:0.000395s ]
INFO: [ app_end ] --START--
INFO: Run Behavior\ShowPageTrace [ RunTime:0.001093s ]
INFO: [ app_end ] --END-- [ RunTime:0.001162s ]

[ 2022-04-24T20:52:51+08:00 ] 17.121.113.246 /
INFO: [ app_begin ] --START--
INFO: Run Behavior\ReadHtmlCache [ RunTime:0.000679s ]
INFO: Run Behavior\CheckLang [ RunTime:0.000955s ]
INFO: [ app_begin ] --END-- [ RunTime:0.001803s ]
NOTIC: [8] Trying to access array offset on value of type int /www/wwwroot/card.raycloud.icu/Application/Home/Controller/HomeCommonController.class.php 第 20 行.
SQL: SHOW COLUMNS FROM `ln_config` [ RunTime:0.002325s ]
SQL: SELECT `type`,`name`,`value` FROM `ln_config` WHERE ( `status` = 0 )  [ RunTime:0.000595s ]
NOTIC: [2] file_get_contents(): php_network_getaddresses: getaddrinfo failed: Name or service not known /www/wwwroot/card.raycloud.icu/ThinkPHP/Library/Think/Controller.class.php 第 44 行.
NOTIC: [2] file_get_contents(http://www.adminx.site/index.php/user/api/index?name=shouorka&amp;domain=bookforhim.com): failed to open stream: php_network_getaddresses: getaddrinfo failed: Name or service not known /www/wwwroot/card.raycloud.icu/ThinkPHP/Library/Think/Controller.class.php 第 44 行.
SQL: SHOW COLUMNS FROM `ln_card_type` [ RunTime:0.000616s ]
SQL: SELECT * FROM `ln_card_type`  [ RunTime:0.000312s ]
SQL: SHOW COLUMNS FROM `ln_announcement` [ RunTime:0.000350s ]
SQL: SELECT * FROM `ln_announcement` ORDER BY id desc LIMIT 1   [ RunTime:0.000332s ]
SQL: SHOW COLUMNS FROM `ln_can_do` [ RunTime:0.000336s ]
SQL: SELECT * FROM `ln_can_do` ORDER BY id asc  [ RunTime:0.000207s ]
INFO: [ view_parse ] --START--
INFO: [ template_filter ] --START--
INFO: Run Behavior\ContentReplace [ RunTime:0.000125s ]
INFO: [ template_filter ] --END-- [ RunTime:0.000180s ]
INFO: Run Behavior\ParseTemplate [ RunTime:0.011039s ]
INFO: [ view_parse ] --END-- [ RunTime:0.011091s ]
INFO: [ view_filter ] --START--
INFO: Run Behavior\WriteHtmlCache [ RunTime:0.000260s ]
INFO: [ view_filter ] --END-- [ RunTime:0.000294s ]
INFO: [ app_end ] --START--
INFO: Run Behavior\ShowPageTrace [ RunTime:0.000663s ]
INFO: [ app_end ] --END-- [ RunTime:0.000715s ]

[ 2022-04-24T21:57:36+08:00 ] 198.235.24.34 /
INFO: [ app_begin ] --START--
INFO: Run Behavior\ReadHtmlCache [ RunTime:0.000956s ]
INFO: Run Behavior\CheckLang [ RunTime:0.001474s ]
INFO: [ app_begin ] --END-- [ RunTime:0.002639s ]
NOTIC: [8] Trying to access array offset on value of type int /www/wwwroot/card.raycloud.icu/Application/Home/Controller/HomeCommonController.class.php 第 20 行.
SQL: SHOW COLUMNS FROM `ln_config` [ RunTime:0.002127s ]
SQL: SELECT `type`,`name`,`value` FROM `ln_config` WHERE ( `status` = 0 )  [ RunTime:0.001149s ]
NOTIC: [2] file_get_contents(): php_network_getaddresses: getaddrinfo failed: Name or service not known /www/wwwroot/card.raycloud.icu/ThinkPHP/Library/Think/Controller.class.php 第 44 行.
NOTIC: [2] file_get_contents(http://www.adminx.site/index.php/user/api/index?name=shouorka&amp;domain=bookforhim.com): failed to open stream: php_network_getaddresses: getaddrinfo failed: Name or service not known /www/wwwroot/card.raycloud.icu/ThinkPHP/Library/Think/Controller.class.php 第 44 行.
SQL: SHOW COLUMNS FROM `ln_card_type` [ RunTime:0.001051s ]
SQL: SELECT * FROM `ln_card_type`  [ RunTime:0.000311s ]
SQL: SHOW COLUMNS FROM `ln_announcement` [ RunTime:0.000344s ]
SQL: SELECT * FROM `ln_announcement` ORDER BY id desc LIMIT 1   [ RunTime:0.000336s ]
SQL: SHOW COLUMNS FROM `ln_can_do` [ RunTime:0.000419s ]
SQL: SELECT * FROM `ln_can_do` ORDER BY id asc  [ RunTime:0.000218s ]
INFO: [ view_parse ] --START--
INFO: [ template_filter ] --START--
INFO: Run Behavior\ContentReplace [ RunTime:0.000169s ]
INFO: [ template_filter ] --END-- [ RunTime:0.000265s ]
INFO: Run Behavior\ParseTemplate [ RunTime:0.011794s ]
INFO: [ view_parse ] --END-- [ RunTime:0.011842s ]
INFO: [ view_filter ] --START--
INFO: Run Behavior\WriteHtmlCache [ RunTime:0.000280s ]
INFO: [ view_filter ] --END-- [ RunTime:0.000314s ]
INFO: [ app_end ] --START--
INFO: Run Behavior\ShowPageTrace [ RunTime:0.000740s ]
INFO: [ app_end ] --END-- [ RunTime:0.000782s ]

[ 2022-04-24T22:44:48+08:00 ] 198.235.24.23 /
INFO: [ app_begin ] --START--
INFO: Run Behavior\ReadHtmlCache [ RunTime:0.000803s ]
INFO: Run Behavior\CheckLang [ RunTime:0.001400s ]
INFO: [ app_begin ] --END-- [ RunTime:0.002358s ]
NOTIC: [8] Trying to access array offset on value of type int /www/wwwroot/card.raycloud.icu/Application/Home/Controller/HomeCommonController.class.php 第 20 行.
SQL: SHOW COLUMNS FROM `ln_config` [ RunTime:0.001142s ]
SQL: SELECT `type`,`name`,`value` FROM `ln_config` WHERE ( `status` = 0 )  [ RunTime:0.000396s ]
NOTIC: [2] file_get_contents(): php_network_getaddresses: getaddrinfo failed: Name or service not known /www/wwwroot/card.raycloud.icu/ThinkPHP/Library/Think/Controller.class.php 第 44 行.
NOTIC: [2] file_get_contents(http://www.adminx.site/index.php/user/api/index?name=shouorka&amp;domain=bookforhim.com): failed to open stream: php_network_getaddresses: getaddrinfo failed: Name or service not known /www/wwwroot/card.raycloud.icu/ThinkPHP/Library/Think/Controller.class.php 第 44 行.
SQL: SHOW COLUMNS FROM `ln_card_type` [ RunTime:0.000624s ]
SQL: SELECT * FROM `ln_card_type`  [ RunTime:0.000293s ]
SQL: SHOW COLUMNS FROM `ln_announcement` [ RunTime:0.000467s ]
SQL: SELECT * FROM `ln_announcement` ORDER BY id desc LIMIT 1   [ RunTime:0.000278s ]
SQL: SHOW COLUMNS FROM `ln_can_do` [ RunTime:0.000539s ]
SQL: SELECT * FROM `ln_can_do` ORDER BY id asc  [ RunTime:0.000279s ]
INFO: [ view_parse ] --START--
INFO: [ template_filter ] --START--
INFO: Run Behavior\ContentReplace [ RunTime:0.000130s ]
INFO: [ template_filter ] --END-- [ RunTime:0.000208s ]
INFO: Run Behavior\ParseTemplate [ RunTime:0.013518s ]
INFO: [ view_parse ] --END-- [ RunTime:0.013571s ]
INFO: [ view_filter ] --START--
INFO: Run Behavior\WriteHtmlCache [ RunTime:0.000257s ]
INFO: [ view_filter ] --END-- [ RunTime:0.000290s ]
INFO: [ app_end ] --START--
INFO: Run Behavior\ShowPageTrace [ RunTime:0.000662s ]
INFO: [ app_end ] --END-- [ RunTime:0.000705s ]

[ 2022-04-24T23:26:18+08:00 ] 185.162.235.162 /
INFO: [ app_begin ] --START--
INFO: Run Behavior\ReadHtmlCache [ RunTime:0.000836s ]
INFO: Run Behavior\CheckLang [ RunTime:0.001414s ]
INFO: [ app_begin ] --END-- [ RunTime:0.002465s ]
NOTIC: [8] Trying to access array offset on value of type int /www/wwwroot/card.raycloud.icu/Application/Home/Controller/HomeCommonController.class.php 第 20 行.
SQL: SHOW COLUMNS FROM `ln_config` [ RunTime:0.001966s ]
SQL: SELECT `type`,`name`,`value` FROM `ln_config` WHERE ( `status` = 0 )  [ RunTime:0.000655s ]
NOTIC: [2] file_get_contents(): php_network_getaddresses: getaddrinfo failed: Name or service not known /www/wwwroot/card.raycloud.icu/ThinkPHP/Library/Think/Controller.class.php 第 44 行.
NOTIC: [2] file_get_contents(http://www.adminx.site/index.php/user/api/index?name=shouorka&amp;domain=134.195.91.2): failed to open stream: php_network_getaddresses: getaddrinfo failed: Name or service not known /www/wwwroot/card.raycloud.icu/ThinkPHP/Library/Think/Controller.class.php 第 44 行.
SQL: SHOW COLUMNS FROM `ln_card_type` [ RunTime:0.001110s ]
SQL: SELECT * FROM `ln_card_type`  [ RunTime:0.000272s ]
SQL: SHOW COLUMNS FROM `ln_announcement` [ RunTime:0.000470s ]
SQL: SELECT * FROM `ln_announcement` ORDER BY id desc LIMIT 1   [ RunTime:0.000332s ]
SQL: SHOW COLUMNS FROM `ln_can_do` [ RunTime:0.000539s ]
SQL: SELECT * FROM `ln_can_do` ORDER BY id asc  [ RunTime:0.000266s ]
INFO: [ view_parse ] --START--
INFO: [ template_filter ] --START--
INFO: Run Behavior\ContentReplace [ RunTime:0.000187s ]
INFO: [ template_filter ] --END-- [ RunTime:0.000273s ]
INFO: Run Behavior\ParseTemplate [ RunTime:0.011194s ]
INFO: [ view_parse ] --END-- [ RunTime:0.011249s ]
INFO: [ view_filter ] --START--
INFO: Run Behavior\WriteHtmlCache [ RunTime:0.000267s ]
INFO: [ view_filter ] --END-- [ RunTime:0.000301s ]
INFO: [ app_end ] --START--
INFO: Run Behavior\ShowPageTrace [ RunTime:0.000664s ]
INFO: [ app_end ] --END-- [ RunTime:0.000706s ]

[ 2022-04-24T23:26:19+08:00 ] 185.162.235.175 /.DS_Store
INFO: [ app_begin ] --START--
INFO: Run Behavior\ReadHtmlCache [ RunTime:0.000563s ]
INFO: Run Behavior\CheckLang [ RunTime:0.000872s ]
INFO: [ app_begin ] --END-- [ RunTime:0.001538s ]
NOTIC: [8] Trying to access array offset on value of type int /www/wwwroot/card.raycloud.icu/Application/Home/Controller/HomeCommonController.class.php 第 20 行.
SQL: SHOW COLUMNS FROM `ln_config` [ RunTime:0.000695s ]
SQL: SELECT `type`,`name`,`value` FROM `ln_config` WHERE ( `status` = 0 )  [ RunTime:0.000310s ]
NOTIC: [2] file_get_contents(): php_network_getaddresses: getaddrinfo failed: Name or service not known /www/wwwroot/card.raycloud.icu/ThinkPHP/Library/Think/Controller.class.php 第 44 行.
NOTIC: [2] file_get_contents(http://www.adminx.site/index.php/user/api/index?name=shouorka&amp;domain=134.195.91.2): failed to open stream: php_network_getaddresses: getaddrinfo failed: Name or service not known /www/wwwroot/card.raycloud.icu/ThinkPHP/Library/Think/Controller.class.php 第 44 行.
SQL: SHOW COLUMNS FROM `ln_card_type` [ RunTime:0.000690s ]
SQL: SELECT * FROM `ln_card_type`  [ RunTime:0.000235s ]
SQL: SHOW COLUMNS FROM `ln_announcement` [ RunTime:0.000371s ]
SQL: SELECT * FROM `ln_announcement` ORDER BY id desc LIMIT 1   [ RunTime:0.000211s ]
SQL: SHOW COLUMNS FROM `ln_can_do` [ RunTime:0.000405s ]
SQL: SELECT * FROM `ln_can_do` ORDER BY id asc  [ RunTime:0.000224s ]
INFO: [ view_parse ] --START--
INFO: [ template_filter ] --START--
INFO: Run Behavior\ContentReplace [ RunTime:0.000129s ]
INFO: [ template_filter ] --END-- [ RunTime:0.000182s ]
INFO: Run Behavior\ParseTemplate [ RunTime:0.010119s ]
INFO: [ view_parse ] --END-- [ RunTime:0.010161s ]
INFO: [ view_filter ] --START--
INFO: Run Behavior\WriteHtmlCache [ RunTime:0.000251s ]
INFO: [ view_filter ] --END-- [ RunTime:0.000284s ]
INFO: [ app_end ] --START--
INFO: Run Behavior\ShowPageTrace [ RunTime:0.000642s ]
INFO: [ app_end ] --END-- [ RunTime:0.000683s ]

[ 2022-04-24T23:26:20+08:00 ] 185.162.235.175 /.env
INFO: [ app_begin ] --START--
INFO: Run Behavior\ReadHtmlCache [ RunTime:0.000707s ]
INFO: Run Behavior\CheckLang [ RunTime:0.001251s ]
INFO: [ app_begin ] --END-- [ RunTime:0.002077s ]
NOTIC: [8] Trying to access array offset on value of type int /www/wwwroot/card.raycloud.icu/Application/Home/Controller/HomeCommonController.class.php 第 20 行.
SQL: SHOW COLUMNS FROM `ln_config` [ RunTime:0.001003s ]
SQL: SELECT `type`,`name`,`value` FROM `ln_config` WHERE ( `status` = 0 )  [ RunTime:0.000477s ]
NOTIC: [2] file_get_contents(): php_network_getaddresses: getaddrinfo failed: Name or service not known /www/wwwroot/card.raycloud.icu/ThinkPHP/Library/Think/Controller.class.php 第 44 行.
NOTIC: [2] file_get_contents(http://www.adminx.site/index.php/user/api/index?name=shouorka&amp;domain=134.195.91.2): failed to open stream: php_network_getaddresses: getaddrinfo failed: Name or service not known /www/wwwroot/card.raycloud.icu/ThinkPHP/Library/Think/Controller.class.php 第 44 行.
SQL: SHOW COLUMNS FROM `ln_card_type` [ RunTime:0.000814s ]
SQL: SELECT * FROM `ln_card_type`  [ RunTime:0.000242s ]
SQL: SHOW COLUMNS FROM `ln_announcement` [ RunTime:0.000400s ]
SQL: SELECT * FROM `ln_announcement` ORDER BY id desc LIMIT 1   [ RunTime:0.000230s ]
SQL: SHOW COLUMNS FROM `ln_can_do` [ RunTime:0.000426s ]
SQL: SELECT * FROM `ln_can_do` ORDER BY id asc  [ RunTime:0.000314s ]
INFO: [ view_parse ] --START--
INFO: [ template_filter ] --START--
INFO: Run Behavior\ContentReplace [ RunTime:0.000130s ]
INFO: [ template_filter ] --END-- [ RunTime:0.000205s ]
INFO: Run Behavior\ParseTemplate [ RunTime:0.011512s ]
INFO: [ view_parse ] --END-- [ RunTime:0.011560s ]
INFO: [ view_filter ] --START--
INFO: Run Behavior\WriteHtmlCache [ RunTime:0.000357s ]
INFO: [ view_filter ] --END-- [ RunTime:0.000391s ]
INFO: [ app_end ] --START--
INFO: Run Behavior\ShowPageTrace [ RunTime:0.000691s ]
INFO: [ app_end ] --END-- [ RunTime:0.000731s ]

[ 2022-04-24T23:26:23+08:00 ] 185.162.235.175 /.json
INFO: [ app_begin ] --START--
INFO: Run Behavior\ReadHtmlCache [ RunTime:0.000584s ]
INFO: Run Behavior\CheckLang [ RunTime:0.000937s ]
INFO: [ app_begin ] --END-- [ RunTime:0.001614s ]
NOTIC: [8] Trying to access array offset on value of type int /www/wwwroot/card.raycloud.icu/Application/Home/Controller/HomeCommonController.class.php 第 20 行.
SQL: SHOW COLUMNS FROM `ln_config` [ RunTime:0.002654s ]
SQL: SELECT `type`,`name`,`value` FROM `ln_config` WHERE ( `status` = 0 )  [ RunTime:0.000676s ]
NOTIC: [2] file_get_contents(): php_network_getaddresses: getaddrinfo failed: Name or service not known /www/wwwroot/card.raycloud.icu/ThinkPHP/Library/Think/Controller.class.php 第 44 行.
NOTIC: [2] file_get_contents(http://www.adminx.site/index.php/user/api/index?name=shouorka&amp;domain=134.195.91.2): failed to open stream: php_network_getaddresses: getaddrinfo failed: Name or service not known /www/wwwroot/card.raycloud.icu/ThinkPHP/Library/Think/Controller.class.php 第 44 行.
SQL: SHOW COLUMNS FROM `ln_card_type` [ RunTime:0.001375s ]
SQL: SELECT * FROM `ln_card_type`  [ RunTime:0.001181s ]
SQL: SHOW COLUMNS FROM `ln_announcement` [ RunTime:0.000630s ]
SQL: SELECT * FROM `ln_announcement` ORDER BY id desc LIMIT 1   [ RunTime:0.000337s ]
SQL: SHOW COLUMNS FROM `ln_can_do` [ RunTime:0.000691s ]
SQL: SELECT * FROM `ln_can_do` ORDER BY id asc  [ RunTime:0.000315s ]
INFO: [ view_parse ] --START--
INFO: [ template_filter ] --START--
INFO: Run Behavior\ContentReplace [ RunTime:0.000127s ]
INFO: [ template_filter ] --END-- [ RunTime:0.000195s ]
INFO: Run Behavior\ParseTemplate [ RunTime:0.010789s ]
INFO: [ view_parse ] --END-- [ RunTime:0.010844s ]
INFO: [ view_filter ] --START--
INFO: Run Behavior\WriteHtmlCache [ RunTime:0.000363s ]
INFO: [ view_filter ] --END-- [ RunTime:0.000400s ]
INFO: [ app_end ] --START--
INFO: Run Behavior\ShowPageTrace [ RunTime:0.000858s ]
INFO: [ app_end ] --END-- [ RunTime:0.000898s ]

[ 2022-04-24T23:30:25+08:00 ] 162.142.125.212 /
INFO: [ app_begin ] --START--
INFO: Run Behavior\ReadHtmlCache [ RunTime:0.000872s ]
INFO: Run Behavior\CheckLang [ RunTime:0.001318s ]
INFO: [ app_begin ] --END-- [ RunTime:0.002391s ]
NOTIC: [8] Trying to access array offset on value of type int /www/wwwroot/card.raycloud.icu/Application/Home/Controller/HomeCommonController.class.php 第 20 行.
NOTIC: [8] Undefined index: HTTP_USER_AGENT /www/wwwroot/card.raycloud.icu/Application/Home/Controller/HomeCommonController.class.php 第 27 行.
NOTIC: [8] Undefined index: HTTP_USER_AGENT /www/wwwroot/card.raycloud.icu/Application/Home/Common/function.php 第 150 行.
SQL: SHOW COLUMNS FROM `ln_config` [ RunTime:0.000881s ]
SQL: SELECT `type`,`name`,`value` FROM `ln_config` WHERE ( `status` = 0 )  [ RunTime:0.000436s ]
NOTIC: [2] file_get_contents(): php_network_getaddresses: getaddrinfo failed: Name or service not known /www/wwwroot/card.raycloud.icu/ThinkPHP/Library/Think/Controller.class.php 第 44 行.
NOTIC: [2] file_get_contents(http://www.adminx.site/index.php/user/api/index?name=shouorka&amp;domain=134.195.91.2:443): failed to open stream: php_network_getaddresses: getaddrinfo failed: Name or service not known /www/wwwroot/card.raycloud.icu/ThinkPHP/Library/Think/Controller.class.php 第 44 行.
SQL: SHOW COLUMNS FROM `ln_card_type` [ RunTime:0.000706s ]
SQL: SELECT * FROM `ln_card_type`  [ RunTime:0.000314s ]
SQL: SHOW COLUMNS FROM `ln_announcement` [ RunTime:0.000385s ]
SQL: SELECT * FROM `ln_announcement` ORDER BY id desc LIMIT 1   [ RunTime:0.000238s ]
SQL: SHOW COLUMNS FROM `ln_can_do` [ RunTime:0.000425s ]
SQL: SELECT * FROM `ln_can_do` ORDER BY id asc  [ RunTime:0.000227s ]
INFO: [ view_parse ] --START--
INFO: [ template_filter ] --START--
INFO: Run Behavior\ContentReplace [ RunTime:0.000170s ]
INFO: [ template_filter ] --END-- [ RunTime:0.000273s ]
INFO: Run Behavior\ParseTemplate [ RunTime:0.014859s ]
INFO: [ view_parse ] --END-- [ RunTime:0.014910s ]
INFO: [ view_filter ] --START--
INFO: Run Behavior\WriteHtmlCache [ RunTime:0.000281s ]
INFO: [ view_filter ] --END-- [ RunTime:0.000314s ]
INFO: [ app_end ] --START--
INFO: Run Behavior\ShowPageTrace [ RunTime:0.000693s ]
INFO: [ app_end ] --END-- [ RunTime:0.000736s ]

